[0.090s] DEBUG:colcon:Command line arguments: ['/usr/bin/colcon', 'build', '--symlink-install']
[0.090s] DEBUG:colcon:Parsed command line arguments: Namespace(log_base=None, log_level=None, verb_name='build', build_base='build', install_base='install', merge_install=False, symlink_install=True, test_result_base=None, continue_on_error=False, executor='parallel', parallel_workers=2, event_handlers=None, ignore_user_meta=False, metas=['./colcon.meta'], base_paths=['.'], packages_ignore=None, packages_ignore_regex=None, paths=None, packages_up_to=None, packages_up_to_regex=None, packages_above=None, packages_above_and_dependencies=None, packages_above_depth=None, packages_select_by_dep=None, packages_skip_by_dep=None, packages_skip_up_to=None, packages_select_build_failed=False, packages_skip_build_finished=False, packages_select_test_failures=False, packages_skip_test_passed=False, packages_select=None, packages_skip=None, packages_select_regex=None, packages_skip_regex=None, packages_start=None, packages_end=None, allow_overriding=[], cmake_args=None, cmake_target=None, cmake_target_skip_unavailable=False, cmake_clean_cache=False, cmake_clean_first=False, cmake_force_configure=False, ament_cmake_args=None, catkin_cmake_args=None, catkin_skip_building_tests=False, mixin_files=None, mixin=None, verb_parser=<colcon_mixin.mixin.mixin_argument.MixinArgumentDecorator object at 0x73e47fe2a920>, verb_extension=<colcon_core.verb.build.BuildVerb object at 0x73e47ffecdf0>, main=<bound method BuildVerb.main of <colcon_core.verb.build.BuildVerb object at 0x73e47ffecdf0>>, mixin_verb=('build',))
[0.225s] Level 1:colcon.colcon_core.package_discovery:discover_packages(colcon_meta) check parameters
[0.225s] Level 1:colcon.colcon_core.package_discovery:discover_packages(recursive) check parameters
[0.225s] Level 1:colcon.colcon_core.package_discovery:discover_packages(ignore) check parameters
[0.225s] Level 1:colcon.colcon_core.package_discovery:discover_packages(path) check parameters
[0.225s] Level 1:colcon.colcon_core.package_discovery:discover_packages(colcon_meta) discover
[0.225s] Level 1:colcon.colcon_core.package_discovery:discover_packages(recursive) discover
[0.225s] INFO:colcon.colcon_core.package_discovery:Crawling recursively for packages in '/home/lab/ros2_ws/src/ros2_ws'
[0.225s] Level 1:colcon.colcon_core.package_identification:_identify(.) by extensions ['ignore', 'ignore_ament_install']
[0.225s] Level 1:colcon.colcon_core.package_identification:_identify(.) by extension 'ignore'
[0.225s] Level 1:colcon.colcon_core.package_identification:_identify(.) by extension 'ignore_ament_install'
[0.225s] Level 1:colcon.colcon_core.package_identification:_identify(.) by extensions ['colcon_pkg']
[0.225s] Level 1:colcon.colcon_core.package_identification:_identify(.) by extension 'colcon_pkg'
[0.225s] Level 1:colcon.colcon_core.package_identification:_identify(.) by extensions ['colcon_meta']
[0.225s] Level 1:colcon.colcon_core.package_identification:_identify(.) by extension 'colcon_meta'
[0.225s] Level 1:colcon.colcon_core.package_identification:_identify(.) by extensions ['ros']
[0.225s] Level 1:colcon.colcon_core.package_identification:_identify(.) by extension 'ros'
[0.237s] Level 1:colcon.colcon_core.package_identification:_identify(.) by extensions ['cmake', 'python']
[0.237s] Level 1:colcon.colcon_core.package_identification:_identify(.) by extension 'cmake'
[0.237s] Level 1:colcon.colcon_core.package_identification:_identify(.) by extension 'python'
[0.237s] Level 1:colcon.colcon_core.package_identification:_identify(.) by extensions ['python_setup_py']
[0.237s] Level 1:colcon.colcon_core.package_identification:_identify(.) by extension 'python_setup_py'
[0.238s] Level 1:colcon.colcon_core.package_identification:_identify(arithmetic) by extensions ['ignore', 'ignore_ament_install']
[0.238s] Level 1:colcon.colcon_core.package_identification:_identify(arithmetic) by extension 'ignore'
[0.238s] Level 1:colcon.colcon_core.package_identification:_identify(arithmetic) by extension 'ignore_ament_install'
[0.238s] Level 1:colcon.colcon_core.package_identification:_identify(arithmetic) by extensions ['colcon_pkg']
[0.238s] Level 1:colcon.colcon_core.package_identification:_identify(arithmetic) by extension 'colcon_pkg'
[0.238s] Level 1:colcon.colcon_core.package_identification:_identify(arithmetic) by extensions ['colcon_meta']
[0.238s] Level 1:colcon.colcon_core.package_identification:_identify(arithmetic) by extension 'colcon_meta'
[0.238s] Level 1:colcon.colcon_core.package_identification:_identify(arithmetic) by extensions ['ros']
[0.238s] Level 1:colcon.colcon_core.package_identification:_identify(arithmetic) by extension 'ros'
[0.240s] DEBUG:colcon.colcon_core.package_identification:Package 'arithmetic' with type 'ros.ament_cmake' and name 'arithmetic'
[0.240s] Level 1:colcon.colcon_core.package_identification:_identify(build) by extensions ['ignore', 'ignore_ament_install']
[0.241s] Level 1:colcon.colcon_core.package_identification:_identify(build) by extension 'ignore'
[0.241s] Level 1:colcon.colcon_core.package_identification:_identify(build) ignored
[0.241s] Level 1:colcon.colcon_core.package_identification:_identify(install) by extensions ['ignore', 'ignore_ament_install']
[0.241s] Level 1:colcon.colcon_core.package_identification:_identify(install) by extension 'ignore'
[0.241s] Level 1:colcon.colcon_core.package_identification:_identify(install) ignored
[0.241s] Level 1:colcon.colcon_core.package_identification:_identify(interface_example) by extensions ['ignore', 'ignore_ament_install']
[0.241s] Level 1:colcon.colcon_core.package_identification:_identify(interface_example) by extension 'ignore'
[0.241s] Level 1:colcon.colcon_core.package_identification:_identify(interface_example) by extension 'ignore_ament_install'
[0.241s] Level 1:colcon.colcon_core.package_identification:_identify(interface_example) by extensions ['colcon_pkg']
[0.241s] Level 1:colcon.colcon_core.package_identification:_identify(interface_example) by extension 'colcon_pkg'
[0.241s] Level 1:colcon.colcon_core.package_identification:_identify(interface_example) by extensions ['colcon_meta']
[0.241s] Level 1:colcon.colcon_core.package_identification:_identify(interface_example) by extension 'colcon_meta'
[0.241s] Level 1:colcon.colcon_core.package_identification:_identify(interface_example) by extensions ['ros']
[0.241s] Level 1:colcon.colcon_core.package_identification:_identify(interface_example) by extension 'ros'
[0.242s] DEBUG:colcon.colcon_core.package_identification:Package 'interface_example' with type 'ros.ament_cmake' and name 'interface_example'
[0.242s] Level 1:colcon.colcon_core.package_identification:_identify(log) by extensions ['ignore', 'ignore_ament_install']
[0.242s] Level 1:colcon.colcon_core.package_identification:_identify(log) by extension 'ignore'
[0.242s] Level 1:colcon.colcon_core.package_identification:_identify(log) ignored
[0.242s] Level 1:colcon.colcon_core.package_identification:_identify(move_t_sim) by extensions ['ignore', 'ignore_ament_install']
[0.242s] Level 1:colcon.colcon_core.package_identification:_identify(move_t_sim) by extension 'ignore'
[0.242s] Level 1:colcon.colcon_core.package_identification:_identify(move_t_sim) by extension 'ignore_ament_install'
[0.242s] Level 1:colcon.colcon_core.package_identification:_identify(move_t_sim) by extensions ['colcon_pkg']
[0.242s] Level 1:colcon.colcon_core.package_identification:_identify(move_t_sim) by extension 'colcon_pkg'
[0.242s] Level 1:colcon.colcon_core.package_identification:_identify(move_t_sim) by extensions ['colcon_meta']
[0.242s] Level 1:colcon.colcon_core.package_identification:_identify(move_t_sim) by extension 'colcon_meta'
[0.243s] Level 1:colcon.colcon_core.package_identification:_identify(move_t_sim) by extensions ['ros']
[0.243s] Level 1:colcon.colcon_core.package_identification:_identify(move_t_sim) by extension 'ros'
[0.243s] DEBUG:colcon.colcon_core.package_identification:Package 'move_t_sim' with type 'ros.ament_cmake' and name 'move_t_sim'
[0.243s] Level 1:colcon.colcon_core.package_identification:_identify(simple_pkg_cpp) by extensions ['ignore', 'ignore_ament_install']
[0.244s] Level 1:colcon.colcon_core.package_identification:_identify(simple_pkg_cpp) by extension 'ignore'
[0.244s] Level 1:colcon.colcon_core.package_identification:_identify(simple_pkg_cpp) by extension 'ignore_ament_install'
[0.244s] Level 1:colcon.colcon_core.package_identification:_identify(simple_pkg_cpp) by extensions ['colcon_pkg']
[0.244s] Level 1:colcon.colcon_core.package_identification:_identify(simple_pkg_cpp) by extension 'colcon_pkg'
[0.244s] Level 1:colcon.colcon_core.package_identification:_identify(simple_pkg_cpp) by extensions ['colcon_meta']
[0.244s] Level 1:colcon.colcon_core.package_identification:_identify(simple_pkg_cpp) by extension 'colcon_meta'
[0.244s] Level 1:colcon.colcon_core.package_identification:_identify(simple_pkg_cpp) by extensions ['ros']
[0.244s] Level 1:colcon.colcon_core.package_identification:_identify(simple_pkg_cpp) by extension 'ros'
[0.244s] DEBUG:colcon.colcon_core.package_identification:Package 'simple_pkg_cpp' with type 'ros.ament_cmake' and name 'simple_pkg_cpp'
[0.244s] Level 1:colcon.colcon_core.package_identification:_identify(topic_final) by extensions ['ignore', 'ignore_ament_install']
[0.244s] Level 1:colcon.colcon_core.package_identification:_identify(topic_final) by extension 'ignore'
[0.245s] Level 1:colcon.colcon_core.package_identification:_identify(topic_final) by extension 'ignore_ament_install'
[0.245s] Level 1:colcon.colcon_core.package_identification:_identify(topic_final) by extensions ['colcon_pkg']
[0.245s] Level 1:colcon.colcon_core.package_identification:_identify(topic_final) by extension 'colcon_pkg'
[0.245s] Level 1:colcon.colcon_core.package_identification:_identify(topic_final) by extensions ['colcon_meta']
[0.245s] Level 1:colcon.colcon_core.package_identification:_identify(topic_final) by extension 'colcon_meta'
[0.245s] Level 1:colcon.colcon_core.package_identification:_identify(topic_final) by extensions ['ros']
[0.245s] Level 1:colcon.colcon_core.package_identification:_identify(topic_final) by extension 'ros'
[0.245s] DEBUG:colcon.colcon_core.package_identification:Package 'topic_final' with type 'ros.ament_cmake' and name 'topic_final'
[0.245s] Level 1:colcon.colcon_core.package_discovery:discover_packages(recursive) using defaults
[0.245s] Level 1:colcon.colcon_core.package_discovery:discover_packages(ignore) discover
[0.245s] Level 1:colcon.colcon_core.package_discovery:discover_packages(ignore) using defaults
[0.245s] Level 1:colcon.colcon_core.package_discovery:discover_packages(path) discover
[0.245s] Level 1:colcon.colcon_core.package_discovery:discover_packages(path) using defaults
[0.261s] Level 1:colcon.colcon_core.package_discovery:discover_packages(prefix_path) check parameters
[0.261s] Level 1:colcon.colcon_core.package_discovery:discover_packages(prefix_path) discover
[0.271s] WARNING:colcon.colcon_ros.prefix_path.catkin:The path '/home/lab/ros2_ws/install/moveTSim' in the environment variable CMAKE_PREFIX_PATH doesn't exist
[0.272s] DEBUG:colcon.colcon_installed_package_information.package_discovery:Found 8 installed packages in /home/lab/ros2_ws/install
[0.273s] DEBUG:colcon.colcon_installed_package_information.package_discovery:Found 378 installed packages in /opt/ros/humble
[0.274s] Level 1:colcon.colcon_core.package_discovery:discover_packages(prefix_path) using defaults
[0.315s] Level 5:colcon.colcon_core.verb:set package 'interface_example' build argument 'cmake_args' from command line to 'None'
[0.315s] Level 5:colcon.colcon_core.verb:set package 'interface_example' build argument 'cmake_target' from command line to 'None'
[0.315s] Level 5:colcon.colcon_core.verb:set package 'interface_example' build argument 'cmake_target_skip_unavailable' from command line to 'False'
[0.315s] Level 5:colcon.colcon_core.verb:set package 'interface_example' build argument 'cmake_clean_cache' from command line to 'False'
[0.315s] Level 5:colcon.colcon_core.verb:set package 'interface_example' build argument 'cmake_clean_first' from command line to 'False'
[0.315s] Level 5:colcon.colcon_core.verb:set package 'interface_example' build argument 'cmake_force_configure' from command line to 'False'
[0.315s] Level 5:colcon.colcon_core.verb:set package 'interface_example' build argument 'ament_cmake_args' from command line to 'None'
[0.315s] Level 5:colcon.colcon_core.verb:set package 'interface_example' build argument 'catkin_cmake_args' from command line to 'None'
[0.315s] Level 5:colcon.colcon_core.verb:set package 'interface_example' build argument 'catkin_skip_building_tests' from command line to 'False'
[0.315s] DEBUG:colcon.colcon_core.verb:Building package 'interface_example' with the following arguments: {'ament_cmake_args': None, 'build_base': '/home/lab/ros2_ws/src/ros2_ws/build/interface_example', 'catkin_cmake_args': None, 'catkin_skip_building_tests': False, 'cmake_args': None, 'cmake_clean_cache': False, 'cmake_clean_first': False, 'cmake_force_configure': False, 'cmake_target': None, 'cmake_target_skip_unavailable': False, 'install_base': '/home/lab/ros2_ws/src/ros2_ws/install/interface_example', 'merge_install': False, 'path': '/home/lab/ros2_ws/src/ros2_ws/interface_example', 'symlink_install': True, 'test_result_base': None}
[0.316s] Level 5:colcon.colcon_core.verb:set package 'move_t_sim' build argument 'cmake_args' from command line to 'None'
[0.316s] Level 5:colcon.colcon_core.verb:set package 'move_t_sim' build argument 'cmake_target' from command line to 'None'
[0.316s] Level 5:colcon.colcon_core.verb:set package 'move_t_sim' build argument 'cmake_target_skip_unavailable' from command line to 'False'
[0.316s] Level 5:colcon.colcon_core.verb:set package 'move_t_sim' build argument 'cmake_clean_cache' from command line to 'False'
[0.316s] Level 5:colcon.colcon_core.verb:set package 'move_t_sim' build argument 'cmake_clean_first' from command line to 'False'
[0.316s] Level 5:colcon.colcon_core.verb:set package 'move_t_sim' build argument 'cmake_force_configure' from command line to 'False'
[0.316s] Level 5:colcon.colcon_core.verb:set package 'move_t_sim' build argument 'ament_cmake_args' from command line to 'None'
[0.316s] Level 5:colcon.colcon_core.verb:set package 'move_t_sim' build argument 'catkin_cmake_args' from command line to 'None'
[0.316s] Level 5:colcon.colcon_core.verb:set package 'move_t_sim' build argument 'catkin_skip_building_tests' from command line to 'False'
[0.316s] DEBUG:colcon.colcon_core.verb:Building package 'move_t_sim' with the following arguments: {'ament_cmake_args': None, 'build_base': '/home/lab/ros2_ws/src/ros2_ws/build/move_t_sim', 'catkin_cmake_args': None, 'catkin_skip_building_tests': False, 'cmake_args': None, 'cmake_clean_cache': False, 'cmake_clean_first': False, 'cmake_force_configure': False, 'cmake_target': None, 'cmake_target_skip_unavailable': False, 'install_base': '/home/lab/ros2_ws/src/ros2_ws/install/move_t_sim', 'merge_install': False, 'path': '/home/lab/ros2_ws/src/ros2_ws/move_t_sim', 'symlink_install': True, 'test_result_base': None}
[0.316s] Level 5:colcon.colcon_core.verb:set package 'simple_pkg_cpp' build argument 'cmake_args' from command line to 'None'
[0.316s] Level 5:colcon.colcon_core.verb:set package 'simple_pkg_cpp' build argument 'cmake_target' from command line to 'None'
[0.316s] Level 5:colcon.colcon_core.verb:set package 'simple_pkg_cpp' build argument 'cmake_target_skip_unavailable' from command line to 'False'
[0.316s] Level 5:colcon.colcon_core.verb:set package 'simple_pkg_cpp' build argument 'cmake_clean_cache' from command line to 'False'
[0.316s] Level 5:colcon.colcon_core.verb:set package 'simple_pkg_cpp' build argument 'cmake_clean_first' from command line to 'False'
[0.316s] Level 5:colcon.colcon_core.verb:set package 'simple_pkg_cpp' build argument 'cmake_force_configure' from command line to 'False'
[0.316s] Level 5:colcon.colcon_core.verb:set package 'simple_pkg_cpp' build argument 'ament_cmake_args' from command line to 'None'
[0.316s] Level 5:colcon.colcon_core.verb:set package 'simple_pkg_cpp' build argument 'catkin_cmake_args' from command line to 'None'
[0.317s] Level 5:colcon.colcon_core.verb:set package 'simple_pkg_cpp' build argument 'catkin_skip_building_tests' from command line to 'False'
[0.317s] DEBUG:colcon.colcon_core.verb:Building package 'simple_pkg_cpp' with the following arguments: {'ament_cmake_args': None, 'build_base': '/home/lab/ros2_ws/src/ros2_ws/build/simple_pkg_cpp', 'catkin_cmake_args': None, 'catkin_skip_building_tests': False, 'cmake_args': None, 'cmake_clean_cache': False, 'cmake_clean_first': False, 'cmake_force_configure': False, 'cmake_target': None, 'cmake_target_skip_unavailable': False, 'install_base': '/home/lab/ros2_ws/src/ros2_ws/install/simple_pkg_cpp', 'merge_install': False, 'path': '/home/lab/ros2_ws/src/ros2_ws/simple_pkg_cpp', 'symlink_install': True, 'test_result_base': None}
[0.317s] Level 5:colcon.colcon_core.verb:set package 'topic_final' build argument 'cmake_args' from command line to 'None'
[0.317s] Level 5:colcon.colcon_core.verb:set package 'topic_final' build argument 'cmake_target' from command line to 'None'
[0.317s] Level 5:colcon.colcon_core.verb:set package 'topic_final' build argument 'cmake_target_skip_unavailable' from command line to 'False'
[0.317s] Level 5:colcon.colcon_core.verb:set package 'topic_final' build argument 'cmake_clean_cache' from command line to 'False'
[0.317s] Level 5:colcon.colcon_core.verb:set package 'topic_final' build argument 'cmake_clean_first' from command line to 'False'
[0.317s] Level 5:colcon.colcon_core.verb:set package 'topic_final' build argument 'cmake_force_configure' from command line to 'False'
[0.317s] Level 5:colcon.colcon_core.verb:set package 'topic_final' build argument 'ament_cmake_args' from command line to 'None'
[0.317s] Level 5:colcon.colcon_core.verb:set package 'topic_final' build argument 'catkin_cmake_args' from command line to 'None'
[0.317s] Level 5:colcon.colcon_core.verb:set package 'topic_final' build argument 'catkin_skip_building_tests' from command line to 'False'
[0.317s] DEBUG:colcon.colcon_core.verb:Building package 'topic_final' with the following arguments: {'ament_cmake_args': None, 'build_base': '/home/lab/ros2_ws/src/ros2_ws/build/topic_final', 'catkin_cmake_args': None, 'catkin_skip_building_tests': False, 'cmake_args': None, 'cmake_clean_cache': False, 'cmake_clean_first': False, 'cmake_force_configure': False, 'cmake_target': None, 'cmake_target_skip_unavailable': False, 'install_base': '/home/lab/ros2_ws/src/ros2_ws/install/topic_final', 'merge_install': False, 'path': '/home/lab/ros2_ws/src/ros2_ws/topic_final', 'symlink_install': True, 'test_result_base': None}
[0.317s] Level 5:colcon.colcon_core.verb:set package 'arithmetic' build argument 'cmake_args' from command line to 'None'
[0.317s] Level 5:colcon.colcon_core.verb:set package 'arithmetic' build argument 'cmake_target' from command line to 'None'
[0.317s] Level 5:colcon.colcon_core.verb:set package 'arithmetic' build argument 'cmake_target_skip_unavailable' from command line to 'False'
[0.317s] Level 5:colcon.colcon_core.verb:set package 'arithmetic' build argument 'cmake_clean_cache' from command line to 'False'
[0.318s] Level 5:colcon.colcon_core.verb:set package 'arithmetic' build argument 'cmake_clean_first' from command line to 'False'
[0.318s] Level 5:colcon.colcon_core.verb:set package 'arithmetic' build argument 'cmake_force_configure' from command line to 'False'
[0.318s] Level 5:colcon.colcon_core.verb:set package 'arithmetic' build argument 'ament_cmake_args' from command line to 'None'
[0.318s] Level 5:colcon.colcon_core.verb:set package 'arithmetic' build argument 'catkin_cmake_args' from command line to 'None'
[0.318s] Level 5:colcon.colcon_core.verb:set package 'arithmetic' build argument 'catkin_skip_building_tests' from command line to 'False'
[0.318s] DEBUG:colcon.colcon_core.verb:Building package 'arithmetic' with the following arguments: {'ament_cmake_args': None, 'build_base': '/home/lab/ros2_ws/src/ros2_ws/build/arithmetic', 'catkin_cmake_args': None, 'catkin_skip_building_tests': False, 'cmake_args': None, 'cmake_clean_cache': False, 'cmake_clean_first': False, 'cmake_force_configure': False, 'cmake_target': None, 'cmake_target_skip_unavailable': False, 'install_base': '/home/lab/ros2_ws/src/ros2_ws/install/arithmetic', 'merge_install': False, 'path': '/home/lab/ros2_ws/src/ros2_ws/arithmetic', 'symlink_install': True, 'test_result_base': None}
[0.318s] INFO:colcon.colcon_core.executor:Executing jobs using 'parallel' executor
[0.319s] DEBUG:colcon.colcon_parallel_executor.executor.parallel:run_until_complete
[0.319s] INFO:colcon.colcon_ros.task.ament_cmake.build:Building ROS package in '/home/lab/ros2_ws/src/ros2_ws/interface_example' with build type 'ament_cmake'
[0.319s] INFO:colcon.colcon_cmake.task.cmake.build:Building CMake package in '/home/lab/ros2_ws/src/ros2_ws/interface_example'
[0.323s] INFO:colcon.colcon_core.plugin_system:Skipping extension 'colcon_core.shell.bat': Not used on non-Windows systems
[0.323s] INFO:colcon.colcon_core.shell:Skip shell extension 'powershell' for command environment: Not usable outside of PowerShell
[0.323s] DEBUG:colcon.colcon_core.shell:Skip shell extension 'dsv' for command environment
[0.327s] INFO:colcon.colcon_ros.task.ament_cmake.build:Building ROS package in '/home/lab/ros2_ws/src/ros2_ws/move_t_sim' with build type 'ament_cmake'
[0.330s] INFO:colcon.colcon_cmake.task.cmake.build:Building CMake package in '/home/lab/ros2_ws/src/ros2_ws/move_t_sim'
[0.331s] INFO:colcon.colcon_core.shell:Skip shell extension 'powershell' for command environment: Not usable outside of PowerShell
[0.332s] DEBUG:colcon.colcon_core.shell:Skip shell extension 'dsv' for command environment
[0.352s] DEBUG:colcon.colcon_core.event_handler.log_command:Invoking command in '/home/lab/ros2_ws/src/ros2_ws/build/interface_example': CMAKE_PREFIX_PATH=${CMAKE_PREFIX_PATH}:/opt/ros/humble /usr/bin/cmake --build /home/lab/ros2_ws/src/ros2_ws/build/interface_example -- -j2 -l2
[0.364s] DEBUG:colcon.colcon_core.event_handler.log_command:Invoking command in '/home/lab/ros2_ws/src/ros2_ws/build/move_t_sim': CMAKE_PREFIX_PATH=${CMAKE_PREFIX_PATH}:/opt/ros/humble /usr/bin/cmake /home/lab/ros2_ws/src/ros2_ws/move_t_sim -DAMENT_CMAKE_SYMLINK_INSTALL=1 -DCMAKE_INSTALL_PREFIX=/home/lab/ros2_ws/src/ros2_ws/install/move_t_sim
[2.599s] DEBUG:colcon.colcon_core.event_handler.log_command:Invoked command in '/home/lab/ros2_ws/src/ros2_ws/build/move_t_sim' returned '0': CMAKE_PREFIX_PATH=${CMAKE_PREFIX_PATH}:/opt/ros/humble /usr/bin/cmake /home/lab/ros2_ws/src/ros2_ws/move_t_sim -DAMENT_CMAKE_SYMLINK_INSTALL=1 -DCMAKE_INSTALL_PREFIX=/home/lab/ros2_ws/src/ros2_ws/install/move_t_sim
[2.599s] DEBUG:colcon.colcon_core.event_handler.log_command:Invoking command in '/home/lab/ros2_ws/src/ros2_ws/build/move_t_sim': CMAKE_PREFIX_PATH=${CMAKE_PREFIX_PATH}:/opt/ros/humble /usr/bin/cmake --build /home/lab/ros2_ws/src/ros2_ws/build/move_t_sim -- -j2 -l2
[43.576s] DEBUG:colcon.colcon_core.event_handler.log_command:Invoked command in '/home/lab/ros2_ws/src/ros2_ws/build/interface_example' returned '0': CMAKE_PREFIX_PATH=${CMAKE_PREFIX_PATH}:/opt/ros/humble /usr/bin/cmake --build /home/lab/ros2_ws/src/ros2_ws/build/interface_example -- -j2 -l2
[44.561s] DEBUG:colcon.colcon_core.event_handler.log_command:Invoking command in '/home/lab/ros2_ws/src/ros2_ws/build/interface_example': CMAKE_PREFIX_PATH=${CMAKE_PREFIX_PATH}:/opt/ros/humble /usr/bin/cmake --install /home/lab/ros2_ws/src/ros2_ws/build/interface_example
[47.631s] Level 1:colcon.colcon_core.environment:create_environment_scripts_only(interface_example)
[47.632s] DEBUG:colcon.colcon_core.event_handler.log_command:Invoked command in '/home/lab/ros2_ws/src/ros2_ws/build/interface_example' returned '0': CMAKE_PREFIX_PATH=${CMAKE_PREFIX_PATH}:/opt/ros/humble /usr/bin/cmake --install /home/lab/ros2_ws/src/ros2_ws/build/interface_example
[47.636s] Level 1:colcon.colcon_core.environment:checking '/home/lab/ros2_ws/src/ros2_ws/install/interface_example' for CMake module files
[47.636s] Level 1:colcon.colcon_core.environment:checking '/home/lab/ros2_ws/src/ros2_ws/install/interface_example' for CMake config files
[47.637s] Level 1:colcon.colcon_core.shell:create_environment_hook('interface_example', 'cmake_prefix_path')
[47.637s] INFO:colcon.colcon_core.shell:Creating environment hook '/home/lab/ros2_ws/src/ros2_ws/install/interface_example/share/interface_example/hook/cmake_prefix_path.ps1'
[47.637s] INFO:colcon.colcon_core.shell:Creating environment descriptor '/home/lab/ros2_ws/src/ros2_ws/install/interface_example/share/interface_example/hook/cmake_prefix_path.dsv'
[47.638s] INFO:colcon.colcon_core.shell:Creating environment hook '/home/lab/ros2_ws/src/ros2_ws/install/interface_example/share/interface_example/hook/cmake_prefix_path.sh'
[47.638s] Level 1:colcon.colcon_core.environment:checking '/home/lab/ros2_ws/src/ros2_ws/install/interface_example/lib'
[47.638s] Level 1:colcon.colcon_core.shell:create_environment_hook('interface_example', 'ld_library_path_lib')
[47.639s] INFO:colcon.colcon_core.shell:Creating environment hook '/home/lab/ros2_ws/src/ros2_ws/install/interface_example/share/interface_example/hook/ld_library_path_lib.ps1'
[47.639s] INFO:colcon.colcon_core.shell:Creating environment descriptor '/home/lab/ros2_ws/src/ros2_ws/install/interface_example/share/interface_example/hook/ld_library_path_lib.dsv'
[47.639s] INFO:colcon.colcon_core.shell:Creating environment hook '/home/lab/ros2_ws/src/ros2_ws/install/interface_example/share/interface_example/hook/ld_library_path_lib.sh'
[47.639s] Level 1:colcon.colcon_core.environment:checking '/home/lab/ros2_ws/src/ros2_ws/install/interface_example/bin'
[47.639s] Level 1:colcon.colcon_core.environment:checking '/home/lab/ros2_ws/src/ros2_ws/install/interface_example/lib/pkgconfig/interface_example.pc'
[47.639s] Level 1:colcon.colcon_core.environment:checking '/home/lab/ros2_ws/src/ros2_ws/install/interface_example/lib/python3.10/site-packages'
[47.640s] Level 1:colcon.colcon_core.environment:checking '/home/lab/ros2_ws/src/ros2_ws/install/interface_example/bin'
[47.640s] INFO:colcon.colcon_core.shell:Creating package script '/home/lab/ros2_ws/src/ros2_ws/install/interface_example/share/interface_example/package.ps1'
[47.640s] INFO:colcon.colcon_core.shell:Creating package descriptor '/home/lab/ros2_ws/src/ros2_ws/install/interface_example/share/interface_example/package.dsv'
[47.641s] INFO:colcon.colcon_core.shell:Creating package script '/home/lab/ros2_ws/src/ros2_ws/install/interface_example/share/interface_example/package.sh'
[47.641s] INFO:colcon.colcon_core.shell:Creating package script '/home/lab/ros2_ws/src/ros2_ws/install/interface_example/share/interface_example/package.bash'
[47.642s] INFO:colcon.colcon_core.shell:Creating package script '/home/lab/ros2_ws/src/ros2_ws/install/interface_example/share/interface_example/package.zsh'
[47.642s] Level 1:colcon.colcon_core.environment:create_file_with_runtime_dependencies(/home/lab/ros2_ws/src/ros2_ws/install/interface_example/share/colcon-core/packages/interface_example)
[48.282s] Level 1:colcon.colcon_core.environment:create_environment_scripts_only(interface_example)
[48.282s] Level 1:colcon.colcon_core.environment:checking '/home/lab/ros2_ws/src/ros2_ws/install/interface_example' for CMake module files
[48.282s] Level 1:colcon.colcon_core.environment:checking '/home/lab/ros2_ws/src/ros2_ws/install/interface_example' for CMake config files
[48.283s] Level 1:colcon.colcon_core.shell:create_environment_hook('interface_example', 'cmake_prefix_path')
[48.283s] INFO:colcon.colcon_core.shell:Creating environment hook '/home/lab/ros2_ws/src/ros2_ws/install/interface_example/share/interface_example/hook/cmake_prefix_path.ps1'
[48.284s] INFO:colcon.colcon_core.shell:Creating environment descriptor '/home/lab/ros2_ws/src/ros2_ws/install/interface_example/share/interface_example/hook/cmake_prefix_path.dsv'
[48.284s] INFO:colcon.colcon_core.shell:Creating environment hook '/home/lab/ros2_ws/src/ros2_ws/install/interface_example/share/interface_example/hook/cmake_prefix_path.sh'
[48.285s] Level 1:colcon.colcon_core.environment:checking '/home/lab/ros2_ws/src/ros2_ws/install/interface_example/lib'
[48.285s] Level 1:colcon.colcon_core.shell:create_environment_hook('interface_example', 'ld_library_path_lib')
[48.286s] INFO:colcon.colcon_core.shell:Creating environment hook '/home/lab/ros2_ws/src/ros2_ws/install/interface_example/share/interface_example/hook/ld_library_path_lib.ps1'
[48.286s] INFO:colcon.colcon_core.shell:Creating environment descriptor '/home/lab/ros2_ws/src/ros2_ws/install/interface_example/share/interface_example/hook/ld_library_path_lib.dsv'
[48.287s] INFO:colcon.colcon_core.shell:Creating environment hook '/home/lab/ros2_ws/src/ros2_ws/install/interface_example/share/interface_example/hook/ld_library_path_lib.sh'
[48.292s] Level 1:colcon.colcon_core.environment:checking '/home/lab/ros2_ws/src/ros2_ws/install/interface_example/bin'
[48.292s] Level 1:colcon.colcon_core.environment:checking '/home/lab/ros2_ws/src/ros2_ws/install/interface_example/lib/pkgconfig/interface_example.pc'
[48.292s] Level 1:colcon.colcon_core.environment:checking '/home/lab/ros2_ws/src/ros2_ws/install/interface_example/lib/python3.10/site-packages'
[48.293s] Level 1:colcon.colcon_core.environment:checking '/home/lab/ros2_ws/src/ros2_ws/install/interface_example/bin'
[48.293s] INFO:colcon.colcon_core.shell:Creating package script '/home/lab/ros2_ws/src/ros2_ws/install/interface_example/share/interface_example/package.ps1'
[48.293s] INFO:colcon.colcon_core.shell:Creating package descriptor '/home/lab/ros2_ws/src/ros2_ws/install/interface_example/share/interface_example/package.dsv'
[48.294s] INFO:colcon.colcon_core.shell:Creating package script '/home/lab/ros2_ws/src/ros2_ws/install/interface_example/share/interface_example/package.sh'
[48.294s] INFO:colcon.colcon_core.shell:Creating package script '/home/lab/ros2_ws/src/ros2_ws/install/interface_example/share/interface_example/package.bash'
[48.295s] INFO:colcon.colcon_core.shell:Creating package script '/home/lab/ros2_ws/src/ros2_ws/install/interface_example/share/interface_example/package.zsh'
[48.295s] Level 1:colcon.colcon_core.environment:create_file_with_runtime_dependencies(/home/lab/ros2_ws/src/ros2_ws/install/interface_example/share/colcon-core/packages/interface_example)
[48.297s] INFO:colcon.colcon_ros.task.ament_cmake.build:Building ROS package in '/home/lab/ros2_ws/src/ros2_ws/simple_pkg_cpp' with build type 'ament_cmake'
[48.297s] INFO:colcon.colcon_cmake.task.cmake.build:Building CMake package in '/home/lab/ros2_ws/src/ros2_ws/simple_pkg_cpp'
[48.298s] INFO:colcon.colcon_core.shell:Skip shell extension 'powershell' for command environment: Not usable outside of PowerShell
[48.298s] DEBUG:colcon.colcon_core.shell:Skip shell extension 'dsv' for command environment
[48.333s] DEBUG:colcon.colcon_core.event_handler.log_command:Invoking command in '/home/lab/ros2_ws/src/ros2_ws/build/simple_pkg_cpp': CMAKE_PREFIX_PATH=${CMAKE_PREFIX_PATH}:/opt/ros/humble /usr/bin/cmake --build /home/lab/ros2_ws/src/ros2_ws/build/simple_pkg_cpp -- -j2 -l2
[99.802s] DEBUG:colcon.colcon_parallel_executor.executor.parallel:run_until_complete was interrupted
[99.802s] DEBUG:colcon.colcon_parallel_executor.executor.parallel:run_until_complete again
[99.810s] DEBUG:colcon.colcon_core.event_handler.log_command:Invoked command in '/home/lab/ros2_ws/src/ros2_ws/build/simple_pkg_cpp' returned '-2': CMAKE_PREFIX_PATH=${CMAKE_PREFIX_PATH}:/opt/ros/humble /usr/bin/cmake --build /home/lab/ros2_ws/src/ros2_ws/build/simple_pkg_cpp -- -j2 -l2
[99.846s] DEBUG:colcon.colcon_core.event_handler.log_command:Invoked command in '/home/lab/ros2_ws/src/ros2_ws/build/move_t_sim' returned '-2': CMAKE_PREFIX_PATH=${CMAKE_PREFIX_PATH}:/opt/ros/humble /usr/bin/cmake --build /home/lab/ros2_ws/src/ros2_ws/build/move_t_sim -- -j2 -l2
[99.970s] Level 1:colcon.colcon_core.environment:create_environment_scripts_only(move_t_sim)
[99.971s] Level 1:colcon.colcon_core.environment:checking '/home/lab/ros2_ws/src/ros2_ws/install/move_t_sim' for CMake module files
[99.972s] Level 1:colcon.colcon_core.environment:checking '/home/lab/ros2_ws/src/ros2_ws/install/move_t_sim' for CMake config files
[99.973s] Level 1:colcon.colcon_core.environment:checking '/home/lab/ros2_ws/src/ros2_ws/install/move_t_sim/bin'
[99.973s] Level 1:colcon.colcon_core.environment:checking '/home/lab/ros2_ws/src/ros2_ws/install/move_t_sim/lib/pkgconfig/move_t_sim.pc'
[99.973s] Level 1:colcon.colcon_core.environment:checking '/home/lab/ros2_ws/src/ros2_ws/install/move_t_sim/lib/python3.10/site-packages'
[99.974s] Level 1:colcon.colcon_core.environment:checking '/home/lab/ros2_ws/src/ros2_ws/install/move_t_sim/bin'
[99.974s] INFO:colcon.colcon_core.shell:Creating package script '/home/lab/ros2_ws/src/ros2_ws/install/move_t_sim/share/move_t_sim/package.ps1'
[99.974s] INFO:colcon.colcon_core.shell:Creating package descriptor '/home/lab/ros2_ws/src/ros2_ws/install/move_t_sim/share/move_t_sim/package.dsv'
[99.975s] INFO:colcon.colcon_core.shell:Creating package script '/home/lab/ros2_ws/src/ros2_ws/install/move_t_sim/share/move_t_sim/package.sh'
[99.976s] INFO:colcon.colcon_core.shell:Creating package script '/home/lab/ros2_ws/src/ros2_ws/install/move_t_sim/share/move_t_sim/package.bash'
[99.977s] INFO:colcon.colcon_core.shell:Creating package script '/home/lab/ros2_ws/src/ros2_ws/install/move_t_sim/share/move_t_sim/package.zsh'
[99.977s] Level 1:colcon.colcon_core.environment:create_file_with_runtime_dependencies(/home/lab/ros2_ws/src/ros2_ws/install/move_t_sim/share/colcon-core/packages/move_t_sim)
[100.016s] DEBUG:colcon.colcon_parallel_executor.executor.parallel:run_until_complete finished
[100.016s] DEBUG:colcon.colcon_parallel_executor.executor.parallel:closing loop
[100.017s] DEBUG:colcon.colcon_parallel_executor.executor.parallel:loop closed
[100.017s] DEBUG:colcon.colcon_core.event_reactor:joining thread
[100.025s] INFO:colcon.colcon_core.plugin_system:Skipping extension 'colcon_notification.desktop_notification.terminal_notifier': Not used on non-Darwin systems
[100.025s] INFO:colcon.colcon_core.plugin_system:Skipping extension 'colcon_notification.desktop_notification.win32': Not used on non-Windows systems
[100.025s] INFO:colcon.colcon_notification.desktop_notification:Sending desktop notification using 'notify2'
[100.044s] DEBUG:colcon.colcon_core.event_reactor:joined thread
[100.045s] INFO:colcon.colcon_core.shell:Creating prefix script '/home/lab/ros2_ws/src/ros2_ws/install/local_setup.ps1'
[100.046s] INFO:colcon.colcon_core.shell:Creating prefix util module '/home/lab/ros2_ws/src/ros2_ws/install/_local_setup_util_ps1.py'
[100.048s] INFO:colcon.colcon_core.shell:Creating prefix chain script '/home/lab/ros2_ws/src/ros2_ws/install/setup.ps1'
[100.049s] INFO:colcon.colcon_core.shell:Creating prefix script '/home/lab/ros2_ws/src/ros2_ws/install/local_setup.sh'
[100.050s] INFO:colcon.colcon_core.shell:Creating prefix util module '/home/lab/ros2_ws/src/ros2_ws/install/_local_setup_util_sh.py'
[100.051s] INFO:colcon.colcon_core.shell:Creating prefix chain script '/home/lab/ros2_ws/src/ros2_ws/install/setup.sh'
[100.052s] INFO:colcon.colcon_core.shell:Creating prefix script '/home/lab/ros2_ws/src/ros2_ws/install/local_setup.bash'
[100.054s] INFO:colcon.colcon_core.shell:Creating prefix chain script '/home/lab/ros2_ws/src/ros2_ws/install/setup.bash'
[100.055s] INFO:colcon.colcon_core.shell:Creating prefix script '/home/lab/ros2_ws/src/ros2_ws/install/local_setup.zsh'
[100.056s] INFO:colcon.colcon_core.shell:Creating prefix chain script '/home/lab/ros2_ws/src/ros2_ws/install/setup.zsh'
