[0.010s] Invoking command in '/home/lab/ros2_ws/build/simple_pkg_cpp': CMAKE_PREFIX_PATH=/opt/ros/humble /usr/bin/cmake /home/lab/ros2_ws/src/simple_pkg_cpp -DAMENT_CMAKE_SYMLINK_INSTALL=1 -DCMAKE_INSTALL_PREFIX=/home/lab/ros2_ws/install/simple_pkg_cpp
[0.023s] -- Found ament_cmake: 1.3.9 (/opt/ros/humble/share/ament_cmake/cmake)
[0.137s] -- Override CMake install command with custom implementation using symlinks instead of copying resources
[0.149s] -- Found rclcpp: 16.0.9 (/opt/ros/humble/share/rclcpp/cmake)
[0.194s] -- Found rosidl_generator_c: 3.1.5 (/opt/ros/humble/share/rosidl_generator_c/cmake)
[0.198s] -- Found rosidl_adapter: 3.1.5 (/opt/ros/humble/share/rosidl_adapter/cmake)
[0.206s] -- Found rosidl_generator_cpp: 3.1.5 (/opt/ros/humble/share/rosidl_generator_cpp/cmake)
[0.218s] -- Using all available rosidl_typesupport_c: rosidl_typesupport_fastrtps_c;rosidl_typesupport_introspection_c
[0.237s] -- Using all available rosidl_typesupport_cpp: rosidl_typesupport_fastrtps_cpp;rosidl_typesupport_introspection_cpp
[0.280s] -- Found rmw_implementation_cmake: 6.1.2 (/opt/ros/humble/share/rmw_implementation_cmake/cmake)
[0.282s] -- Found rmw_fastrtps_cpp: 6.2.6 (/opt/ros/humble/share/rmw_fastrtps_cpp/cmake)
[0.381s] -- Using RMW implementation 'rmw_fastrtps_cpp' as default
[0.550s] [31mCMake Error at /opt/ros/humble/share/ament_cmake_core/cmake/symlink_install/install.cmake:43 (_install):
[0.550s]   _install does not recognize sub-command IMPORTED_TARGETS
[0.550s] Call Stack (most recent call first):
[0.550s]   CMakeLists.txt:17 (install)
[0.550s] 
[0.551s] [0m
[0.551s] -- Found ament_lint_auto: 0.12.11 (/opt/ros/humble/share/ament_lint_auto/cmake)
[0.626s] -- Added test 'cppcheck' to perform static code analysis on C / C++ code
[0.626s] -- Configured cppcheck include dirs: 
[0.626s] -- Configured cppcheck exclude dirs and/or files: 
[0.627s] -- Added test 'lint_cmake' to check CMake code style
[0.630s] -- Added test 'uncrustify' to check C / C++ code style
[0.630s] -- Configured uncrustify additional arguments: 
[0.630s] -- Added test 'xmllint' to check XML markup files
[0.630s] -- Configuring incomplete, errors occurred!
[0.630s] See also "/home/lab/ros2_ws/build/simple_pkg_cpp/CMakeFiles/CMakeOutput.log".
[0.640s] Invoked command in '/home/lab/ros2_ws/build/simple_pkg_cpp' returned '1': CMAKE_PREFIX_PATH=/opt/ros/humble /usr/bin/cmake /home/lab/ros2_ws/src/simple_pkg_cpp -DAMENT_CMAKE_SYMLINK_INSTALL=1 -DCMAKE_INSTALL_PREFIX=/home/lab/ros2_ws/install/simple_pkg_cpp
