[0.031s] Invoking command in '/home/lab/ros2_ws/src/ros2_ws/build/simple_pkg_cpp': CMAKE_PREFIX_PATH=${CMAKE_PREFIX_PATH}:/opt/ros/humble /usr/bin/cmake /home/lab/ros2_ws/src/ros2_ws/simple_pkg_cpp -DAMENT_CMAKE_SYMLINK_INSTALL=1 -DCMAKE_INSTALL_PREFIX=/home/lab/ros2_ws/src/ros2_ws/install/simple_pkg_cpp
[0.076s] -- Found ament_cmake: 1.3.9 (/opt/ros/humble/share/ament_cmake/cmake)
[0.211s] -- Override CMake install command with custom implementation using symlinks instead of copying resources
[0.245s] -- Found OpenCV: /usr (found version "4.5.4") 
[0.249s] -- Found rclcpp: 16.0.9 (/opt/ros/humble/share/rclcpp/cmake)
[0.330s] -- Found rosidl_generator_c: 3.1.5 (/opt/ros/humble/share/rosidl_generator_c/cmake)
[0.338s] -- Found rosidl_adapter: 3.1.5 (/opt/ros/humble/share/rosidl_adapter/cmake)
[0.353s] -- Found rosidl_generator_cpp: 3.1.5 (/opt/ros/humble/share/rosidl_generator_cpp/cmake)
[0.375s] -- Using all available rosidl_typesupport_c: rosidl_typesupport_fastrtps_c;rosidl_typesupport_introspection_c
[0.411s] -- Using all available rosidl_typesupport_cpp: rosidl_typesupport_fastrtps_cpp;rosidl_typesupport_introspection_cpp
[0.516s] -- Found rmw_implementation_cmake: 6.1.2 (/opt/ros/humble/share/rmw_implementation_cmake/cmake)
[0.520s] -- Found rmw_fastrtps_cpp: 6.2.6 (/opt/ros/humble/share/rmw_fastrtps_cpp/cmake)
[0.680s] -- Found OpenSSL: /usr/lib/x86_64-linux-gnu/libcrypto.so (found version "3.0.2")  
[0.704s] -- Found FastRTPS: /opt/ros/humble/include  
[0.749s] -- Using RMW implementation 'rmw_fastrtps_cpp' as default
[0.764s] -- Looking for pthread.h
[0.886s] -- Looking for pthread.h - found
[0.887s] -- Performing Test CMAKE_HAVE_LIBC_PTHREAD
[1.019s] -- Performing Test CMAKE_HAVE_LIBC_PTHREAD - Success
[1.019s] -- Found Threads: TRUE  
[1.259s] -- Found ament_lint_auto: 0.12.11 (/opt/ros/humble/share/ament_lint_auto/cmake)
[1.362s] -- Added test 'cppcheck' to perform static code analysis on C / C++ code
[1.362s] -- Configured cppcheck include dirs: /home/lab/ros2_ws/src/ros2_ws/simple_pkg_cpp/include
[1.362s] -- Configured cppcheck exclude dirs and/or files: 
[1.364s] -- Added test 'lint_cmake' to check CMake code style
[1.365s] -- Added test 'uncrustify' to check C / C++ code style
[1.365s] -- Configured uncrustify additional arguments: 
[1.366s] -- Added test 'xmllint' to check XML markup files
[1.369s] -- Configuring done
[1.409s] -- Generating done
[1.412s] -- Build files have been written to: /home/lab/ros2_ws/src/ros2_ws/build/simple_pkg_cpp
[1.431s] Invoked command in '/home/lab/ros2_ws/src/ros2_ws/build/simple_pkg_cpp' returned '0': CMAKE_PREFIX_PATH=${CMAKE_PREFIX_PATH}:/opt/ros/humble /usr/bin/cmake /home/lab/ros2_ws/src/ros2_ws/simple_pkg_cpp -DAMENT_CMAKE_SYMLINK_INSTALL=1 -DCMAKE_INSTALL_PREFIX=/home/lab/ros2_ws/src/ros2_ws/install/simple_pkg_cpp
[1.432s] Invoking command in '/home/lab/ros2_ws/src/ros2_ws/build/simple_pkg_cpp': CMAKE_PREFIX_PATH=${CMAKE_PREFIX_PATH}:/opt/ros/humble /usr/bin/cmake --build /home/lab/ros2_ws/src/ros2_ws/build/simple_pkg_cpp -- -j2 -l2
[1.505s] [  7%] [32mBuilding CXX object CMakeFiles/helloOpenCV.dir/src/helloOpenCV.cpp.o[0m
[1.526s] [ 15%] [32mBuilding CXX object CMakeFiles/helloworld.dir/src/helloworld.cpp.o[0m
[1.961s] [ 23%] [32m[1mLinking CXX executable helloworld[0m
[2.166s] [ 23%] Built target helloworld
[2.196s] [ 30%] [32mBuilding CXX object CMakeFiles/hello_publisher.dir/src/hello_publisher.cpp.o[0m
[5.441s] [ 38%] [32m[1mLinking CXX executable helloOpenCV[0m
[6.605s] [ 38%] Built target helloOpenCV
[6.656s] [ 46%] [32mBuilding CXX object CMakeFiles/hello_publisher2.dir/src/hello_publisher2.cpp.o[0m
[8.734s] [ 53%] [32m[1mLinking CXX executable hello_publisher[0m
[9.098s] [ 53%] Built target hello_publisher
[9.142s] [ 61%] [32mBuilding CXX object CMakeFiles/hello_publisher_class.dir/src/hello_publisher_class.cpp.o[0m
[15.975s] [ 69%] [32m[1mLinking CXX executable hello_publisher2[0m
[16.448s] [ 69%] Built target hello_publisher2
[17.621s] [ 76%] [32m[1mLinking CXX executable hello_publisher_class[0m
[17.839s] [ 76%] Built target hello_publisher_class
[17.873s] [ 84%] [32mBuilding CXX object CMakeFiles/hello_publisher_class2.dir/src/hello_publisher_class2.cpp.o[0m
[21.372s] [ 92%] [32mBuilding CXX object CMakeFiles/hello_publisher_class2.dir/src/publisher.cpp.o[0m
[24.327s] [01m[K/home/lab/ros2_ws/src/ros2_ws/simple_pkg_cpp/src/publisher.cpp:[m[K In function ‘[01m[Kvoid publish_helloworld_msg()[m[K’:
[24.327s] [01m[K/home/lab/ros2_ws/src/ros2_ws/simple_pkg_cpp/src/publisher.cpp:13:43:[m[K [01;31m[Kerror: [m[K‘[01m[K_i[m[K’ was not declared in this scope
[24.327s]    13 |     msg.data = "Hellow, World!"+to_string([01;31m[K_i[m[K) ;
[24.327s]       |                                           [01;31m[K^~[m[K
[24.332s] [01m[K/home/lab/ros2_ws/src/ros2_ws/simple_pkg_cpp/src/publisher.cpp:14:5:[m[K [01;31m[Kerror: [m[K‘[01m[K_pub[m[K’ was not declared in this scope
[24.332s]    14 |     [01;31m[K_pub[m[K->publish(msg);
[24.332s]       |     [01;31m[K^~~~[m[K
[25.272s] gmake[2]: *** [CMakeFiles/hello_publisher_class2.dir/build.make:90: CMakeFiles/hello_publisher_class2.dir/src/publisher.cpp.o] 오류 1
[25.272s] gmake[1]: *** [CMakeFiles/Makefile2:277: CMakeFiles/hello_publisher_class2.dir/all] 오류 2
[25.273s] gmake: *** [Makefile:146: all] 오류 2
[25.280s] Invoked command in '/home/lab/ros2_ws/src/ros2_ws/build/simple_pkg_cpp' returned '2': CMAKE_PREFIX_PATH=${CMAKE_PREFIX_PATH}:/opt/ros/humble /usr/bin/cmake --build /home/lab/ros2_ws/src/ros2_ws/build/simple_pkg_cpp -- -j2 -l2
