[0.009s] Invoking command in '/home/lab/ros2_ws/build/simple_pkg_cpp': CMAKE_PREFIX_PATH=/opt/ros/humble /usr/bin/cmake --build /home/lab/ros2_ws/build/simple_pkg_cpp -- -j2 -l2
[0.033s] -- Found ament_cmake: 1.3.9 (/opt/ros/humble/share/ament_cmake/cmake)
[0.114s] -- Override CMake install command with custom implementation using symlinks instead of copying resources
[0.124s] -- Found rclcpp: 16.0.9 (/opt/ros/humble/share/rclcpp/cmake)
[0.146s] -- Found rosidl_generator_c: 3.1.5 (/opt/ros/humble/share/rosidl_generator_c/cmake)
[0.148s] -- Found rosidl_adapter: 3.1.5 (/opt/ros/humble/share/rosidl_adapter/cmake)
[0.152s] -- Found rosidl_generator_cpp: 3.1.5 (/opt/ros/humble/share/rosidl_generator_cpp/cmake)
[0.166s] -- Using all available rosidl_typesupport_c: rosidl_typesupport_fastrtps_c;rosidl_typesupport_introspection_c
[0.179s] -- Using all available rosidl_typesupport_cpp: rosidl_typesupport_fastrtps_cpp;rosidl_typesupport_introspection_cpp
[0.239s] -- Found rmw_implementation_cmake: 6.1.2 (/opt/ros/humble/share/rmw_implementation_cmake/cmake)
[0.241s] -- Found rmw_fastrtps_cpp: 6.2.6 (/opt/ros/humble/share/rmw_fastrtps_cpp/cmake)
[0.315s] -- Using RMW implementation 'rmw_fastrtps_cpp' as default
[0.448s] -- Found ament_lint_auto: 0.12.11 (/opt/ros/humble/share/ament_lint_auto/cmake)
[0.546s] -- Added test 'cppcheck' to perform static code analysis on C / C++ code
[0.546s] -- Configured cppcheck include dirs: 
[0.546s] -- Configured cppcheck exclude dirs and/or files: 
[0.547s] -- Added test 'lint_cmake' to check CMake code style
[0.547s] -- Added test 'uncrustify' to check C / C++ code style
[0.547s] -- Configured uncrustify additional arguments: 
[0.548s] -- Added test 'xmllint' to check XML markup files
[0.554s] -- Configuring done
[0.561s] -- Generating done
[0.567s] -- Build files have been written to: /home/lab/ros2_ws/build/simple_pkg_cpp
[0.598s] [35m[1mConsolidate compiler generated dependencies of target helloworld[0m
[0.608s] [100%] Built target helloworld
[0.622s] Invoked command in '/home/lab/ros2_ws/build/simple_pkg_cpp' returned '0': CMAKE_PREFIX_PATH=/opt/ros/humble /usr/bin/cmake --build /home/lab/ros2_ws/build/simple_pkg_cpp -- -j2 -l2
[0.654s] Invoking command in '/home/lab/ros2_ws/build/simple_pkg_cpp': CMAKE_PREFIX_PATH=/opt/ros/humble /usr/bin/cmake --install /home/lab/ros2_ws/build/simple_pkg_cpp
[0.659s] -- Install configuration: ""
[0.660s] -- Execute custom install script
[0.660s] -- Up-to-date symlink: /home/lab/ros2_ws/install/simple_pkg_cpp/lib/simple_pkg_cpp/helloworld
[0.660s] -- Up-to-date symlink: /home/lab/ros2_ws/install/simple_pkg_cpp/share/ament_index/resource_index/package_run_dependencies/simple_pkg_cpp
[0.661s] -- Up-to-date symlink: /home/lab/ros2_ws/install/simple_pkg_cpp/share/ament_index/resource_index/parent_prefix_path/simple_pkg_cpp
[0.662s] -- Up-to-date symlink: /home/lab/ros2_ws/install/simple_pkg_cpp/share/simple_pkg_cpp/environment/ament_prefix_path.sh
[0.662s] -- Up-to-date symlink: /home/lab/ros2_ws/install/simple_pkg_cpp/share/simple_pkg_cpp/environment/ament_prefix_path.dsv
[0.662s] -- Up-to-date symlink: /home/lab/ros2_ws/install/simple_pkg_cpp/share/simple_pkg_cpp/environment/path.sh
[0.662s] -- Up-to-date symlink: /home/lab/ros2_ws/install/simple_pkg_cpp/share/simple_pkg_cpp/environment/path.dsv
[0.663s] -- Up-to-date symlink: /home/lab/ros2_ws/install/simple_pkg_cpp/share/simple_pkg_cpp/local_setup.bash
[0.663s] -- Up-to-date symlink: /home/lab/ros2_ws/install/simple_pkg_cpp/share/simple_pkg_cpp/local_setup.sh
[0.663s] -- Up-to-date symlink: /home/lab/ros2_ws/install/simple_pkg_cpp/share/simple_pkg_cpp/local_setup.zsh
[0.663s] -- Up-to-date symlink: /home/lab/ros2_ws/install/simple_pkg_cpp/share/simple_pkg_cpp/local_setup.dsv
[0.663s] -- Symlinking: /home/lab/ros2_ws/install/simple_pkg_cpp/share/simple_pkg_cpp/package.dsv
[0.670s] -- Up-to-date symlink: /home/lab/ros2_ws/install/simple_pkg_cpp/share/ament_index/resource_index/packages/simple_pkg_cpp
[0.670s] -- Up-to-date symlink: /home/lab/ros2_ws/install/simple_pkg_cpp/share/simple_pkg_cpp/cmake/simple_pkg_cppConfig.cmake
[0.671s] -- Up-to-date symlink: /home/lab/ros2_ws/install/simple_pkg_cpp/share/simple_pkg_cpp/cmake/simple_pkg_cppConfig-version.cmake
[0.671s] -- Up-to-date symlink: /home/lab/ros2_ws/install/simple_pkg_cpp/share/simple_pkg_cpp/package.xml
[0.674s] Invoked command in '/home/lab/ros2_ws/build/simple_pkg_cpp' returned '0': CMAKE_PREFIX_PATH=/opt/ros/humble /usr/bin/cmake --install /home/lab/ros2_ws/build/simple_pkg_cpp
