[0.017s] Invoking command in '/home/lab/ros2_ws/src/ros2_ws/build/interface_example': CMAKE_PREFIX_PATH=${CMAKE_PREFIX_PATH}:/opt/ros/humble /usr/bin/cmake /home/lab/ros2_ws/src/ros2_ws/interface_example -DAMENT_CMAKE_SYMLINK_INSTALL=1 -DCMAKE_INSTALL_PREFIX=/home/lab/ros2_ws/src/ros2_ws/install/interface_example
[0.180s] -- The C compiler identification is GNU 11.4.0
[0.364s] -- The CXX compiler identification is GNU 11.4.0
[0.384s] -- Detecting C compiler ABI info
[0.513s] -- Detecting C compiler ABI info - done
[0.513s] -- Check for working C compiler: /usr/bin/cc - skipped
[0.513s] -- Detecting C compile features
[0.513s] -- Detecting C compile features - done
[0.519s] -- Detecting CXX compiler ABI info
[0.704s] -- Detecting CXX compiler ABI info - done
[0.706s] -- Check for working CXX compiler: /usr/bin/c++ - skipped
[0.707s] -- Detecting CXX compile features
[0.708s] -- Detecting CXX compile features - done
[0.715s] -- Found ament_cmake: 1.3.9 (/opt/ros/humble/share/ament_cmake/cmake)
[0.940s] -- Found Python3: /usr/bin/python3 (found version "3.10.12") found components: Interpreter 
[1.070s] -- Override CMake install command with custom implementation using symlinks instead of copying resources
[1.140s] -- Found rosidl_default_generators: 1.2.0 (/opt/ros/humble/share/rosidl_default_generators/cmake)
[1.151s] -- Using all available rosidl_typesupport_c: rosidl_typesupport_fastrtps_c;rosidl_typesupport_introspection_c
[1.165s] -- Found rosidl_adapter: 3.1.5 (/opt/ros/humble/share/rosidl_adapter/cmake)
[1.261s] -- Using all available rosidl_typesupport_cpp: rosidl_typesupport_fastrtps_cpp;rosidl_typesupport_introspection_cpp
[1.810s] -- Found ament_cmake_ros: 0.10.0 (/opt/ros/humble/share/ament_cmake_ros/cmake)
[2.170s] -- Using all available rosidl_typesupport_c: rosidl_typesupport_fastrtps_c;rosidl_typesupport_introspection_c
[2.574s] -- Using all available rosidl_typesupport_cpp: rosidl_typesupport_fastrtps_cpp;rosidl_typesupport_introspection_cpp
[2.617s] -- Found PythonInterp: /usr/bin/python3 (found suitable version "3.10.12", minimum required is "3.6") 
[2.621s] -- Found python_cmake_module: 0.10.0 (/opt/ros/humble/share/python_cmake_module/cmake)
[2.678s] -- Found PythonLibs: /usr/lib/x86_64-linux-gnu/libpython3.10.so (found suitable version "3.10.12", minimum required is "3.5") 
[2.678s] -- Using PYTHON_EXECUTABLE: /usr/bin/python3
[2.678s] -- Using PYTHON_INCLUDE_DIRS: /usr/include/python3.10
[2.678s] -- Using PYTHON_LIBRARIES: /usr/lib/x86_64-linux-gnu/libpython3.10.so
[2.702s] -- Found PythonExtra: .so  
[2.736s] -- Found ament_lint_auto: 0.12.11 (/opt/ros/humble/share/ament_lint_auto/cmake)
[2.771s] -- Configuring done
[2.813s] -- Generating done
[2.815s] -- Build files have been written to: /home/lab/ros2_ws/src/ros2_ws/build/interface_example
[2.828s] Invoked command in '/home/lab/ros2_ws/src/ros2_ws/build/interface_example' returned '0': CMAKE_PREFIX_PATH=${CMAKE_PREFIX_PATH}:/opt/ros/humble /usr/bin/cmake /home/lab/ros2_ws/src/ros2_ws/interface_example -DAMENT_CMAKE_SYMLINK_INSTALL=1 -DCMAKE_INSTALL_PREFIX=/home/lab/ros2_ws/src/ros2_ws/install/interface_example
[2.839s] Invoking command in '/home/lab/ros2_ws/src/ros2_ws/build/interface_example': CMAKE_PREFIX_PATH=${CMAKE_PREFIX_PATH}:/opt/ros/humble /usr/bin/cmake --build /home/lab/ros2_ws/src/ros2_ws/build/interface_example -- -j2 -l2
[2.937s] [  3%] [34m[1mGenerating C code for ROS interfaces[0m
[2.980s] [  6%] [34m[1mGenerating C++ code for ROS interfaces[0m
[3.682s] [  6%] Built target interface_example__cpp
[3.747s] [  6%] Built target ament_cmake_python_symlink_interface_example
[3.784s] [  9%] [34m[1mGenerating C++ type support for eProsima Fast-RTPS[0m
[3.972s] [ 12%] [32mBuilding C object CMakeFiles/interface_example__rosidl_generator_c.dir/rosidl_generator_c/interface_example/srv/detail/add_two_int__functions.c.o[0m
[4.132s] [ 16%] [32m[1mLinking C shared library libinterface_example__rosidl_generator_c.so[0m
[4.293s] [ 16%] Built target interface_example__rosidl_generator_c
[4.332s] [ 19%] [34m[1mGenerating C++ introspection for ROS interfaces[0m
[4.441s] [ 22%] [32mBuilding CXX object CMakeFiles/interface_example__rosidl_typesupport_fastrtps_cpp.dir/rosidl_typesupport_fastrtps_cpp/interface_example/srv/detail/dds_fastrtps/add_two_int__type_support.cpp.o[0m
[4.819s] [ 25%] [32mBuilding CXX object CMakeFiles/interface_example__rosidl_typesupport_introspection_cpp.dir/rosidl_typesupport_introspection_cpp/interface_example/srv/detail/add_two_int__type_support.cpp.o[0m
[5.337s] [ 29%] [32m[1mLinking CXX shared library libinterface_example__rosidl_typesupport_fastrtps_cpp.so[0m
[5.489s] [ 29%] Built target interface_example__rosidl_typesupport_fastrtps_cpp
[5.510s] [ 32%] [34m[1mGenerating C++ type support dispatch for ROS interfaces[0m
[5.665s] [ 35%] [32m[1mLinking CXX shared library libinterface_example__rosidl_typesupport_introspection_cpp.so[0m
[5.756s] [ 35%] Built target interface_example__rosidl_typesupport_introspection_cpp
[5.799s] [ 38%] [34m[1mGenerating C type support for eProsima Fast-RTPS[0m
[5.904s] [ 41%] [32mBuilding CXX object CMakeFiles/interface_example__rosidl_typesupport_cpp.dir/rosidl_typesupport_cpp/interface_example/srv/add_two_int__type_support.cpp.o[0m
[6.376s] [ 45%] [32mBuilding CXX object CMakeFiles/interface_example__rosidl_typesupport_fastrtps_c.dir/rosidl_typesupport_fastrtps_c/interface_example/srv/detail/add_two_int__type_support_c.cpp.o[0m
[6.477s] [ 48%] [32m[1mLinking CXX shared library libinterface_example__rosidl_typesupport_cpp.so[0m
[6.591s] [ 48%] Built target interface_example__rosidl_typesupport_cpp
[6.613s] [ 51%] [34m[1mGenerating C introspection for ROS interfaces[0m
[7.181s] [ 54%] [32m[1mLinking CXX shared library libinterface_example__rosidl_typesupport_fastrtps_c.so[0m
[7.232s] [ 58%] [32mBuilding C object CMakeFiles/interface_example__rosidl_typesupport_introspection_c.dir/rosidl_typesupport_introspection_c/interface_example/srv/detail/add_two_int__type_support.c.o[0m
[7.322s] [ 61%] [32m[1mLinking C shared library libinterface_example__rosidl_typesupport_introspection_c.so[0m
[7.371s] [ 61%] Built target interface_example__rosidl_typesupport_fastrtps_c
[7.386s] [ 61%] Built target interface_example__rosidl_typesupport_introspection_c
[7.409s] [ 64%] [34m[1mGenerating C type support dispatch for ROS interfaces[0m
[7.915s] [ 67%] [32mBuilding CXX object CMakeFiles/interface_example__rosidl_typesupport_c.dir/rosidl_typesupport_c/interface_example/srv/add_two_int__type_support.cpp.o[0m
[7.957s] running egg_info
[7.959s] creating interface_example.egg-info
[7.959s] writing interface_example.egg-info/PKG-INFO
[7.959s] writing dependency_links to interface_example.egg-info/dependency_links.txt
[7.959s] writing top-level names to interface_example.egg-info/top_level.txt
[7.959s] writing manifest file 'interface_example.egg-info/SOURCES.txt'
[7.965s] reading manifest file 'interface_example.egg-info/SOURCES.txt'
[7.965s] writing manifest file 'interface_example.egg-info/SOURCES.txt'
[7.991s] [ 67%] Built target ament_cmake_python_build_interface_example_egg
[7.994s] [ 70%] [32m[1mLinking CXX shared library libinterface_example__rosidl_typesupport_c.so[0m
[8.042s] [ 70%] Built target interface_example__rosidl_typesupport_c
[8.068s] [ 70%] Built target interface_example
[8.092s] [ 74%] [34m[1mGenerating Python code for ROS interfaces[0m
[8.610s] [ 74%] Built target interface_example__py
[8.642s] [ 77%] [32mBuilding C object CMakeFiles/interface_example__rosidl_generator_py.dir/rosidl_generator_py/interface_example/srv/_add_two_int_s.c.o[0m
[8.845s] [ 80%] [32m[1mLinking C shared library rosidl_generator_py/interface_example/libinterface_example__rosidl_generator_py.so[0m
[8.889s] [ 80%] Built target interface_example__rosidl_generator_py
[8.937s] [ 83%] [32mBuilding C object CMakeFiles/interface_example__rosidl_typesupport_fastrtps_c__pyext.dir/rosidl_generator_py/interface_example/_interface_example_s.ep.rosidl_typesupport_fastrtps_c.c.o[0m
[8.942s] [ 87%] [32mBuilding C object CMakeFiles/interface_example__rosidl_typesupport_introspection_c__pyext.dir/rosidl_generator_py/interface_example/_interface_example_s.ep.rosidl_typesupport_introspection_c.c.o[0m
[9.100s] [ 90%] [32m[1mLinking C shared library rosidl_generator_py/interface_example/interface_example_s__rosidl_typesupport_fastrtps_c.cpython-310-x86_64-linux-gnu.so[0m
[9.176s] [ 90%] Built target interface_example__rosidl_typesupport_fastrtps_c__pyext
[9.190s] [ 93%] [32m[1mLinking C shared library rosidl_generator_py/interface_example/interface_example_s__rosidl_typesupport_introspection_c.cpython-310-x86_64-linux-gnu.so[0m
[9.237s] [ 96%] [32mBuilding C object CMakeFiles/interface_example__rosidl_typesupport_c__pyext.dir/rosidl_generator_py/interface_example/_interface_example_s.ep.rosidl_typesupport_c.c.o[0m
[9.281s] [ 96%] Built target interface_example__rosidl_typesupport_introspection_c__pyext
[9.364s] [100%] [32m[1mLinking C shared library rosidl_generator_py/interface_example/interface_example_s__rosidl_typesupport_c.cpython-310-x86_64-linux-gnu.so[0m
[9.403s] [100%] Built target interface_example__rosidl_typesupport_c__pyext
