[0.032s] Invoking command in '/home/lab/ros2_ws/src/ros2_ws/build/interface_example': CMAKE_PREFIX_PATH=${CMAKE_PREFIX_PATH}:/opt/ros/humble /usr/bin/cmake --build /home/lab/ros2_ws/src/ros2_ws/build/interface_example -- -j2 -l2
[0.069s] -- Found ament_cmake: 1.3.9 (/opt/ros/humble/share/ament_cmake/cmake)
[0.245s] -- Override CMake install command with custom implementation using symlinks instead of copying resources
[0.279s] -- Found rosidl_default_generators: 1.2.0 (/opt/ros/humble/share/rosidl_default_generators/cmake)
[0.289s] -- Using all available rosidl_typesupport_c: rosidl_typesupport_fastrtps_c;rosidl_typesupport_introspection_c
[0.294s] -- Found rosidl_adapter: 3.1.5 (/opt/ros/humble/share/rosidl_adapter/cmake)
[0.347s] -- Using all available rosidl_typesupport_cpp: rosidl_typesupport_fastrtps_cpp;rosidl_typesupport_introspection_cpp
[0.841s] -- Found ament_cmake_ros: 0.10.0 (/opt/ros/humble/share/ament_cmake_ros/cmake)
[1.086s] -- Using all available rosidl_typesupport_c: rosidl_typesupport_fastrtps_c;rosidl_typesupport_introspection_c
[1.428s] -- Using all available rosidl_typesupport_cpp: rosidl_typesupport_fastrtps_cpp;rosidl_typesupport_introspection_cpp
[1.455s] -- Found python_cmake_module: 0.10.0 (/opt/ros/humble/share/python_cmake_module/cmake)
[1.482s] -- Using PYTHON_EXECUTABLE: /usr/bin/python3
[1.482s] -- Using PYTHON_INCLUDE_DIRS: /usr/include/python3.10
[1.482s] -- Using PYTHON_LIBRARIES: /usr/lib/x86_64-linux-gnu/libpython3.10.so
[1.531s] -- Found ament_lint_auto: 0.12.11 (/opt/ros/humble/share/ament_lint_auto/cmake)
[1.583s] -- Configuring done
[1.670s] -- Generating done
[1.677s] -- Build files have been written to: /home/lab/ros2_ws/src/ros2_ws/build/interface_example
[1.726s] [  1%] [34m[1mGenerating C++ code for ROS interfaces[0m
[1.796s] [  3%] [34m[1mGenerating C code for ROS interfaces[0m
[5.349s] [  3%] Built target interface_example__cpp
[5.496s] [  3%] Built target ament_cmake_python_symlink_interface_example
[5.533s] [  4%] [34m[1mGenerating C++ introspection for ROS interfaces[0m
[6.148s] [35m[1mConsolidate compiler generated dependencies of target interface_example__rosidl_generator_c[0m
[6.212s] [  6%] [32mBuilding C object CMakeFiles/interface_example__rosidl_generator_c.dir/rosidl_generator_c/interface_example/msg/detail/arithmetic_argument__functions.c.o[0m
[6.428s] [  7%] [32mBuilding C object CMakeFiles/interface_example__rosidl_generator_c.dir/rosidl_generator_c/interface_example/srv/detail/add_two_int__functions.c.o[0m
[6.608s] [  9%] [32mBuilding C object CMakeFiles/interface_example__rosidl_generator_c.dir/rosidl_generator_c/interface_example/srv/detail/arithmetic_operator__functions.c.o[0m
[6.874s] [ 11%] [32mBuilding C object CMakeFiles/interface_example__rosidl_generator_c.dir/rosidl_generator_c/interface_example/action/detail/fibonacci__functions.c.o[0m
[7.261s] [ 12%] [32mBuilding C object CMakeFiles/interface_example__rosidl_generator_c.dir/rosidl_generator_c/interface_example/action/detail/arithmetic_checker__functions.c.o[0m
[7.901s] [ 14%] [32m[1mLinking C shared library libinterface_example__rosidl_generator_c.so[0m
[7.912s] [35m[1mConsolidate compiler generated dependencies of target interface_example__rosidl_typesupport_introspection_cpp[0m
[7.967s] [ 15%] [32mBuilding CXX object CMakeFiles/interface_example__rosidl_typesupport_introspection_cpp.dir/rosidl_typesupport_introspection_cpp/interface_example/msg/detail/arithmetic_argument__type_support.cpp.o[0m
[8.063s] [ 15%] Built target interface_example__rosidl_generator_c
[8.130s] [ 17%] [34m[1mGenerating C++ type support dispatch for ROS interfaces[0m
[9.385s] [ 19%] [32mBuilding CXX object CMakeFiles/interface_example__rosidl_typesupport_introspection_cpp.dir/rosidl_typesupport_introspection_cpp/interface_example/srv/detail/add_two_int__type_support.cpp.o[0m
[10.212s] [35m[1mConsolidate compiler generated dependencies of target interface_example__rosidl_typesupport_cpp[0m
[10.249s] [ 20%] [32mBuilding CXX object CMakeFiles/interface_example__rosidl_typesupport_cpp.dir/rosidl_typesupport_cpp/interface_example/msg/arithmetic_argument__type_support.cpp.o[0m
[10.757s] [ 22%] [32mBuilding CXX object CMakeFiles/interface_example__rosidl_typesupport_introspection_cpp.dir/rosidl_typesupport_introspection_cpp/interface_example/srv/detail/arithmetic_operator__type_support.cpp.o[0m
[11.082s] [ 23%] [32mBuilding CXX object CMakeFiles/interface_example__rosidl_typesupport_cpp.dir/rosidl_typesupport_cpp/interface_example/srv/add_two_int__type_support.cpp.o[0m
[11.721s] [ 25%] [32mBuilding CXX object CMakeFiles/interface_example__rosidl_typesupport_cpp.dir/rosidl_typesupport_cpp/interface_example/srv/arithmetic_operator__type_support.cpp.o[0m
[12.296s] [ 26%] [32mBuilding CXX object CMakeFiles/interface_example__rosidl_typesupport_introspection_cpp.dir/rosidl_typesupport_introspection_cpp/interface_example/action/detail/fibonacci__type_support.cpp.o[0m
[12.856s] [ 28%] [32mBuilding CXX object CMakeFiles/interface_example__rosidl_typesupport_cpp.dir/rosidl_typesupport_cpp/interface_example/action/fibonacci__type_support.cpp.o[0m
[14.493s] [ 30%] [32mBuilding CXX object CMakeFiles/interface_example__rosidl_typesupport_cpp.dir/rosidl_typesupport_cpp/interface_example/action/arithmetic_checker__type_support.cpp.o[0m
[15.420s] [ 31%] [32mBuilding CXX object CMakeFiles/interface_example__rosidl_typesupport_introspection_cpp.dir/rosidl_typesupport_introspection_cpp/interface_example/action/detail/arithmetic_checker__type_support.cpp.o[0m
[16.484s] [ 33%] [32m[1mLinking CXX shared library libinterface_example__rosidl_typesupport_cpp.so[0m
[16.767s] [ 33%] Built target interface_example__rosidl_typesupport_cpp
[16.831s] [ 34%] [34m[1mGenerating C type support for eProsima Fast-RTPS[0m
[17.848s] [ 36%] [32m[1mLinking CXX shared library libinterface_example__rosidl_typesupport_introspection_cpp.so[0m
[18.122s] [ 36%] Built target interface_example__rosidl_typesupport_introspection_cpp
[18.204s] [ 38%] [34m[1mGenerating C introspection for ROS interfaces[0m
[19.960s] [35m[1mConsolidate compiler generated dependencies of target interface_example__rosidl_typesupport_fastrtps_c[0m
[20.017s] [ 39%] [32mBuilding CXX object CMakeFiles/interface_example__rosidl_typesupport_fastrtps_c.dir/rosidl_typesupport_fastrtps_c/interface_example/msg/detail/arithmetic_argument__type_support_c.cpp.o[0m
[21.384s] [35m[1mConsolidate compiler generated dependencies of target interface_example__rosidl_typesupport_introspection_c[0m
[21.450s] [ 41%] [32mBuilding C object CMakeFiles/interface_example__rosidl_typesupport_introspection_c.dir/rosidl_typesupport_introspection_c/interface_example/msg/detail/arithmetic_argument__type_support.c.o[0m
[21.475s] [ 42%] [32mBuilding CXX object CMakeFiles/interface_example__rosidl_typesupport_fastrtps_c.dir/rosidl_typesupport_fastrtps_c/interface_example/srv/detail/add_two_int__type_support_c.cpp.o[0m
[21.621s] [ 44%] [32mBuilding C object CMakeFiles/interface_example__rosidl_typesupport_introspection_c.dir/rosidl_typesupport_introspection_c/interface_example/srv/detail/add_two_int__type_support.c.o[0m
[21.774s] [ 46%] [32mBuilding C object CMakeFiles/interface_example__rosidl_typesupport_introspection_c.dir/rosidl_typesupport_introspection_c/interface_example/srv/detail/arithmetic_operator__type_support.c.o[0m
[21.968s] [ 47%] [32mBuilding C object CMakeFiles/interface_example__rosidl_typesupport_introspection_c.dir/rosidl_typesupport_introspection_c/interface_example/action/detail/fibonacci__type_support.c.o[0m
[22.297s] [ 49%] [32mBuilding C object CMakeFiles/interface_example__rosidl_typesupport_introspection_c.dir/rosidl_typesupport_introspection_c/interface_example/action/detail/arithmetic_checker__type_support.c.o[0m
[22.578s] [ 50%] [32m[1mLinking C shared library libinterface_example__rosidl_typesupport_introspection_c.so[0m
[22.741s] [ 52%] [32mBuilding CXX object CMakeFiles/interface_example__rosidl_typesupport_fastrtps_c.dir/rosidl_typesupport_fastrtps_c/interface_example/srv/detail/arithmetic_operator__type_support_c.cpp.o[0m
[22.752s] [ 52%] Built target interface_example__rosidl_typesupport_introspection_c
[23.863s] [ 53%] [32mBuilding CXX object CMakeFiles/interface_example__rosidl_typesupport_fastrtps_c.dir/rosidl_typesupport_fastrtps_c/interface_example/action/detail/fibonacci__type_support_c.cpp.o[0m
[24.854s] [ 55%] [32mBuilding CXX object CMakeFiles/interface_example__rosidl_typesupport_fastrtps_c.dir/rosidl_typesupport_fastrtps_c/interface_example/action/detail/arithmetic_checker__type_support_c.cpp.o[0m
[25.641s] [ 57%] [32m[1mLinking CXX shared library libinterface_example__rosidl_typesupport_fastrtps_c.so[0m
[25.940s] [ 57%] Built target interface_example__rosidl_typesupport_fastrtps_c
[25.985s] [ 58%] [34m[1mGenerating C type support dispatch for ROS interfaces[0m
[27.810s] [35m[1mConsolidate compiler generated dependencies of target interface_example__rosidl_typesupport_c[0m
[27.826s] [ 60%] [32mBuilding CXX object CMakeFiles/interface_example__rosidl_typesupport_c.dir/rosidl_typesupport_c/interface_example/msg/arithmetic_argument__type_support.cpp.o[0m
[27.934s] [ 61%] [32mBuilding CXX object CMakeFiles/interface_example__rosidl_typesupport_c.dir/rosidl_typesupport_c/interface_example/srv/add_two_int__type_support.cpp.o[0m
[28.057s] [ 63%] [32mBuilding CXX object CMakeFiles/interface_example__rosidl_typesupport_c.dir/rosidl_typesupport_c/interface_example/srv/arithmetic_operator__type_support.cpp.o[0m
[28.195s] [ 65%] [32mBuilding CXX object CMakeFiles/interface_example__rosidl_typesupport_c.dir/rosidl_typesupport_c/interface_example/action/fibonacci__type_support.cpp.o[0m
[28.380s] [ 66%] [32mBuilding CXX object CMakeFiles/interface_example__rosidl_typesupport_c.dir/rosidl_typesupport_c/interface_example/action/arithmetic_checker__type_support.cpp.o[0m
[28.630s] [ 68%] [32m[1mLinking CXX shared library libinterface_example__rosidl_typesupport_c.so[0m
[28.849s] [ 68%] Built target interface_example__rosidl_typesupport_c
[28.896s] [ 69%] [34m[1mGenerating C++ type support for eProsima Fast-RTPS[0m
[31.902s] [35m[1mConsolidate compiler generated dependencies of target interface_example__rosidl_typesupport_fastrtps_cpp[0m
[31.945s] [ 71%] [32mBuilding CXX object CMakeFiles/interface_example__rosidl_typesupport_fastrtps_cpp.dir/rosidl_typesupport_fastrtps_cpp/interface_example/msg/detail/dds_fastrtps/arithmetic_argument__type_support.cpp.o[0m
[32.826s] [ 73%] [32mBuilding CXX object CMakeFiles/interface_example__rosidl_typesupport_fastrtps_cpp.dir/rosidl_typesupport_fastrtps_cpp/interface_example/srv/detail/dds_fastrtps/add_two_int__type_support.cpp.o[0m
[33.468s] [ 74%] [32mBuilding CXX object CMakeFiles/interface_example__rosidl_typesupport_fastrtps_cpp.dir/rosidl_typesupport_fastrtps_cpp/interface_example/srv/detail/dds_fastrtps/arithmetic_operator__type_support.cpp.o[0m
[34.104s] [ 76%] [32mBuilding CXX object CMakeFiles/interface_example__rosidl_typesupport_fastrtps_cpp.dir/rosidl_typesupport_fastrtps_cpp/interface_example/action/detail/dds_fastrtps/fibonacci__type_support.cpp.o[0m
[35.100s] [ 77%] [32mBuilding CXX object CMakeFiles/interface_example__rosidl_typesupport_fastrtps_cpp.dir/rosidl_typesupport_fastrtps_cpp/interface_example/action/detail/dds_fastrtps/arithmetic_checker__type_support.cpp.o[0m
[36.094s] [ 79%] [32m[1mLinking CXX shared library libinterface_example__rosidl_typesupport_fastrtps_cpp.so[0m
[36.255s] [ 79%] Built target interface_example__rosidl_typesupport_fastrtps_cpp
[36.726s] running egg_info
[36.727s] writing interface_example.egg-info/PKG-INFO
[36.728s] writing dependency_links to interface_example.egg-info/dependency_links.txt
[36.728s] writing top-level names to interface_example.egg-info/top_level.txt
[36.734s] reading manifest file 'interface_example.egg-info/SOURCES.txt'
[36.743s] writing manifest file 'interface_example.egg-info/SOURCES.txt'
[36.789s] [ 79%] Built target ament_cmake_python_build_interface_example_egg
[36.864s] [ 79%] Built target interface_example
[36.931s] [ 80%] [34m[1mGenerating Python code for ROS interfaces[0m
[40.424s] [ 80%] Built target interface_example__py
[40.487s] [35m[1mConsolidate compiler generated dependencies of target interface_example__rosidl_generator_py[0m
[40.534s] [ 82%] [32mBuilding C object CMakeFiles/interface_example__rosidl_generator_py.dir/rosidl_generator_py/interface_example/msg/_arithmetic_argument_s.c.o[0m
[40.749s] [ 84%] [32mBuilding C object CMakeFiles/interface_example__rosidl_generator_py.dir/rosidl_generator_py/interface_example/srv/_add_two_int_s.c.o[0m
[40.935s] [ 85%] [32mBuilding C object CMakeFiles/interface_example__rosidl_generator_py.dir/rosidl_generator_py/interface_example/srv/_arithmetic_operator_s.c.o[0m
[41.150s] [ 87%] [32mBuilding C object CMakeFiles/interface_example__rosidl_generator_py.dir/rosidl_generator_py/interface_example/action/_fibonacci_s.c.o[0m
[41.400s] [ 88%] [32mBuilding C object CMakeFiles/interface_example__rosidl_generator_py.dir/rosidl_generator_py/interface_example/action/_arithmetic_checker_s.c.o[0m
[41.658s] [ 90%] [32m[1mLinking C shared library rosidl_generator_py/interface_example/libinterface_example__rosidl_generator_py.so[0m
[41.754s] [ 90%] Built target interface_example__rosidl_generator_py
[41.800s] [35m[1mConsolidate compiler generated dependencies of target interface_example__rosidl_typesupport_fastrtps_c__pyext[0m
[41.836s] [ 92%] [32mBuilding C object CMakeFiles/interface_example__rosidl_typesupport_fastrtps_c__pyext.dir/rosidl_generator_py/interface_example/_interface_example_s.ep.rosidl_typesupport_fastrtps_c.c.o[0m
[42.154s] [ 93%] [32m[1mLinking C shared library rosidl_generator_py/interface_example/interface_example_s__rosidl_typesupport_fastrtps_c.cpython-310-x86_64-linux-gnu.so[0m
[42.265s] [ 93%] Built target interface_example__rosidl_typesupport_fastrtps_c__pyext
[42.315s] [35m[1mConsolidate compiler generated dependencies of target interface_example__rosidl_typesupport_introspection_c__pyext[0m
[42.361s] [ 95%] [32mBuilding C object CMakeFiles/interface_example__rosidl_typesupport_introspection_c__pyext.dir/rosidl_generator_py/interface_example/_interface_example_s.ep.rosidl_typesupport_introspection_c.c.o[0m
[42.604s] [ 96%] [32m[1mLinking C shared library rosidl_generator_py/interface_example/interface_example_s__rosidl_typesupport_introspection_c.cpython-310-x86_64-linux-gnu.so[0m
[42.738s] [ 96%] Built target interface_example__rosidl_typesupport_introspection_c__pyext
[42.793s] [35m[1mConsolidate compiler generated dependencies of target interface_example__rosidl_typesupport_c__pyext[0m
[42.838s] [ 98%] [32mBuilding C object CMakeFiles/interface_example__rosidl_typesupport_c__pyext.dir/rosidl_generator_py/interface_example/_interface_example_s.ep.rosidl_typesupport_c.c.o[0m
[43.125s] [100%] [32m[1mLinking C shared library rosidl_generator_py/interface_example/interface_example_s__rosidl_typesupport_c.cpython-310-x86_64-linux-gnu.so[0m
[43.223s] [100%] Built target interface_example__rosidl_typesupport_c__pyext
[43.256s] Invoked command in '/home/lab/ros2_ws/src/ros2_ws/build/interface_example' returned '0': CMAKE_PREFIX_PATH=${CMAKE_PREFIX_PATH}:/opt/ros/humble /usr/bin/cmake --build /home/lab/ros2_ws/src/ros2_ws/build/interface_example -- -j2 -l2
[44.241s] Invoking command in '/home/lab/ros2_ws/src/ros2_ws/build/interface_example': CMAKE_PREFIX_PATH=${CMAKE_PREFIX_PATH}:/opt/ros/humble /usr/bin/cmake --install /home/lab/ros2_ws/src/ros2_ws/build/interface_example
[44.257s] -- Install configuration: ""
[44.258s] -- Execute custom install script
[44.259s] -- Symlinking: /home/lab/ros2_ws/src/ros2_ws/install/interface_example/share/ament_index/resource_index/rosidl_interfaces/interface_example
[44.285s] -- Symlinking: /home/lab/ros2_ws/src/ros2_ws/install/interface_example/include/interface_example/interface_example/action/arithmetic_checker.h
[44.306s] -- Symlinking: /home/lab/ros2_ws/src/ros2_ws/install/interface_example/include/interface_example/interface_example/action/detail/arithmetic_checker__functions.h
[44.334s] -- Symlinking: /home/lab/ros2_ws/src/ros2_ws/install/interface_example/include/interface_example/interface_example/action/detail/arithmetic_checker__struct.h
[44.353s] -- Symlinking: /home/lab/ros2_ws/src/ros2_ws/install/interface_example/include/interface_example/interface_example/action/detail/arithmetic_checker__type_support.h
[44.376s] -- Symlinking: /home/lab/ros2_ws/src/ros2_ws/install/interface_example/include/interface_example/interface_example/action/detail/fibonacci__functions.h
[44.392s] -- Symlinking: /home/lab/ros2_ws/src/ros2_ws/install/interface_example/include/interface_example/interface_example/action/detail/fibonacci__struct.h
[44.409s] -- Symlinking: /home/lab/ros2_ws/src/ros2_ws/install/interface_example/include/interface_example/interface_example/action/detail/fibonacci__type_support.h
[44.428s] -- Symlinking: /home/lab/ros2_ws/src/ros2_ws/install/interface_example/include/interface_example/interface_example/action/fibonacci.h
[44.445s] -- Symlinking: /home/lab/ros2_ws/src/ros2_ws/install/interface_example/include/interface_example/interface_example/msg/arithmetic_argument.h
[44.466s] -- Symlinking: /home/lab/ros2_ws/src/ros2_ws/install/interface_example/include/interface_example/interface_example/msg/detail/arithmetic_argument__functions.h
[44.484s] -- Symlinking: /home/lab/ros2_ws/src/ros2_ws/install/interface_example/include/interface_example/interface_example/msg/detail/arithmetic_argument__struct.h
[44.515s] -- Symlinking: /home/lab/ros2_ws/src/ros2_ws/install/interface_example/include/interface_example/interface_example/msg/detail/arithmetic_argument__type_support.h
[44.544s] -- Symlinking: /home/lab/ros2_ws/src/ros2_ws/install/interface_example/include/interface_example/interface_example/msg/rosidl_generator_c__visibility_control.h
[44.566s] -- Symlinking: /home/lab/ros2_ws/src/ros2_ws/install/interface_example/include/interface_example/interface_example/srv/add_two_int.h
[44.587s] -- Symlinking: /home/lab/ros2_ws/src/ros2_ws/install/interface_example/include/interface_example/interface_example/srv/arithmetic_operator.h
[44.609s] -- Symlinking: /home/lab/ros2_ws/src/ros2_ws/install/interface_example/include/interface_example/interface_example/srv/detail/add_two_int__functions.h
[44.642s] -- Symlinking: /home/lab/ros2_ws/src/ros2_ws/install/interface_example/include/interface_example/interface_example/srv/detail/add_two_int__struct.h
[44.661s] -- Symlinking: /home/lab/ros2_ws/src/ros2_ws/install/interface_example/include/interface_example/interface_example/srv/detail/add_two_int__type_support.h
[44.681s] -- Symlinking: /home/lab/ros2_ws/src/ros2_ws/install/interface_example/include/interface_example/interface_example/srv/detail/arithmetic_operator__functions.h
[44.701s] -- Symlinking: /home/lab/ros2_ws/src/ros2_ws/install/interface_example/include/interface_example/interface_example/srv/detail/arithmetic_operator__struct.h
[44.719s] -- Symlinking: /home/lab/ros2_ws/src/ros2_ws/install/interface_example/include/interface_example/interface_example/srv/detail/arithmetic_operator__type_support.h
[44.740s] -- Symlinking: /home/lab/ros2_ws/src/ros2_ws/install/interface_example/share/interface_example/environment/library_path.sh
[44.762s] -- Symlinking: /home/lab/ros2_ws/src/ros2_ws/install/interface_example/share/interface_example/environment/library_path.dsv
[44.786s] -- Symlinking: /home/lab/ros2_ws/src/ros2_ws/install/interface_example/include/interface_example/interface_example/action/detail/arithmetic_checker__rosidl_typesupport_fastrtps_c.h
[44.815s] -- Symlinking: /home/lab/ros2_ws/src/ros2_ws/install/interface_example/include/interface_example/interface_example/action/detail/fibonacci__rosidl_typesupport_fastrtps_c.h
[44.848s] -- Symlinking: /home/lab/ros2_ws/src/ros2_ws/install/interface_example/include/interface_example/interface_example/msg/detail/arithmetic_argument__rosidl_typesupport_fastrtps_c.h
[44.864s] -- Symlinking: /home/lab/ros2_ws/src/ros2_ws/install/interface_example/include/interface_example/interface_example/msg/rosidl_typesupport_fastrtps_c__visibility_control.h
[44.888s] -- Symlinking: /home/lab/ros2_ws/src/ros2_ws/install/interface_example/include/interface_example/interface_example/srv/detail/add_two_int__rosidl_typesupport_fastrtps_c.h
[44.908s] -- Symlinking: /home/lab/ros2_ws/src/ros2_ws/install/interface_example/include/interface_example/interface_example/srv/detail/arithmetic_operator__rosidl_typesupport_fastrtps_c.h
[44.933s] -- Symlinking: /home/lab/ros2_ws/src/ros2_ws/install/interface_example/include/interface_example/interface_example/action/detail/arithmetic_checker__rosidl_typesupport_introspection_c.h
[44.960s] -- Symlinking: /home/lab/ros2_ws/src/ros2_ws/install/interface_example/include/interface_example/interface_example/action/detail/fibonacci__rosidl_typesupport_introspection_c.h
[44.990s] -- Symlinking: /home/lab/ros2_ws/src/ros2_ws/install/interface_example/include/interface_example/interface_example/msg/detail/arithmetic_argument__rosidl_typesupport_introspection_c.h
[45.016s] -- Symlinking: /home/lab/ros2_ws/src/ros2_ws/install/interface_example/include/interface_example/interface_example/msg/rosidl_typesupport_introspection_c__visibility_control.h
[45.040s] -- Symlinking: /home/lab/ros2_ws/src/ros2_ws/install/interface_example/include/interface_example/interface_example/srv/detail/add_two_int__rosidl_typesupport_introspection_c.h
[45.059s] -- Symlinking: /home/lab/ros2_ws/src/ros2_ws/install/interface_example/include/interface_example/interface_example/srv/detail/arithmetic_operator__rosidl_typesupport_introspection_c.h
[45.076s] -- Symlinking: /home/lab/ros2_ws/src/ros2_ws/install/interface_example/include/interface_example/interface_example/action/arithmetic_checker.hpp
[45.107s] -- Symlinking: /home/lab/ros2_ws/src/ros2_ws/install/interface_example/include/interface_example/interface_example/action/detail/arithmetic_checker__builder.hpp
[45.130s] -- Symlinking: /home/lab/ros2_ws/src/ros2_ws/install/interface_example/include/interface_example/interface_example/action/detail/arithmetic_checker__struct.hpp
[45.146s] -- Symlinking: /home/lab/ros2_ws/src/ros2_ws/install/interface_example/include/interface_example/interface_example/action/detail/arithmetic_checker__traits.hpp
[45.164s] -- Symlinking: /home/lab/ros2_ws/src/ros2_ws/install/interface_example/include/interface_example/interface_example/action/detail/fibonacci__builder.hpp
[45.184s] -- Symlinking: /home/lab/ros2_ws/src/ros2_ws/install/interface_example/include/interface_example/interface_example/action/detail/fibonacci__struct.hpp
[45.205s] -- Symlinking: /home/lab/ros2_ws/src/ros2_ws/install/interface_example/include/interface_example/interface_example/action/detail/fibonacci__traits.hpp
[45.247s] -- Symlinking: /home/lab/ros2_ws/src/ros2_ws/install/interface_example/include/interface_example/interface_example/action/fibonacci.hpp
[45.264s] -- Symlinking: /home/lab/ros2_ws/src/ros2_ws/install/interface_example/include/interface_example/interface_example/msg/arithmetic_argument.hpp
[45.282s] -- Symlinking: /home/lab/ros2_ws/src/ros2_ws/install/interface_example/include/interface_example/interface_example/msg/detail/arithmetic_argument__builder.hpp
[45.305s] -- Symlinking: /home/lab/ros2_ws/src/ros2_ws/install/interface_example/include/interface_example/interface_example/msg/detail/arithmetic_argument__struct.hpp
[45.321s] -- Symlinking: /home/lab/ros2_ws/src/ros2_ws/install/interface_example/include/interface_example/interface_example/msg/detail/arithmetic_argument__traits.hpp
[45.346s] -- Symlinking: /home/lab/ros2_ws/src/ros2_ws/install/interface_example/include/interface_example/interface_example/srv/add_two_int.hpp
[45.360s] -- Symlinking: /home/lab/ros2_ws/src/ros2_ws/install/interface_example/include/interface_example/interface_example/srv/arithmetic_operator.hpp
[45.388s] -- Symlinking: /home/lab/ros2_ws/src/ros2_ws/install/interface_example/include/interface_example/interface_example/srv/detail/add_two_int__builder.hpp
[45.406s] -- Symlinking: /home/lab/ros2_ws/src/ros2_ws/install/interface_example/include/interface_example/interface_example/srv/detail/add_two_int__struct.hpp
[45.423s] -- Symlinking: /home/lab/ros2_ws/src/ros2_ws/install/interface_example/include/interface_example/interface_example/srv/detail/add_two_int__traits.hpp
[45.458s] -- Symlinking: /home/lab/ros2_ws/src/ros2_ws/install/interface_example/include/interface_example/interface_example/srv/detail/arithmetic_operator__builder.hpp
[45.489s] -- Symlinking: /home/lab/ros2_ws/src/ros2_ws/install/interface_example/include/interface_example/interface_example/srv/detail/arithmetic_operator__struct.hpp
[45.510s] -- Symlinking: /home/lab/ros2_ws/src/ros2_ws/install/interface_example/include/interface_example/interface_example/srv/detail/arithmetic_operator__traits.hpp
[45.533s] -- Symlinking: /home/lab/ros2_ws/src/ros2_ws/install/interface_example/include/interface_example/interface_example/action/detail/arithmetic_checker__rosidl_typesupport_fastrtps_cpp.hpp
[45.556s] -- Symlinking: /home/lab/ros2_ws/src/ros2_ws/install/interface_example/include/interface_example/interface_example/action/detail/fibonacci__rosidl_typesupport_fastrtps_cpp.hpp
[45.590s] -- Symlinking: /home/lab/ros2_ws/src/ros2_ws/install/interface_example/include/interface_example/interface_example/msg/detail/arithmetic_argument__rosidl_typesupport_fastrtps_cpp.hpp
[45.610s] -- Symlinking: /home/lab/ros2_ws/src/ros2_ws/install/interface_example/include/interface_example/interface_example/msg/rosidl_typesupport_fastrtps_cpp__visibility_control.h
[45.652s] -- Symlinking: /home/lab/ros2_ws/src/ros2_ws/install/interface_example/include/interface_example/interface_example/srv/detail/add_two_int__rosidl_typesupport_fastrtps_cpp.hpp
[45.679s] -- Symlinking: /home/lab/ros2_ws/src/ros2_ws/install/interface_example/include/interface_example/interface_example/srv/detail/arithmetic_operator__rosidl_typesupport_fastrtps_cpp.hpp
[45.705s] -- Symlinking: /home/lab/ros2_ws/src/ros2_ws/install/interface_example/include/interface_example/interface_example/action/detail/arithmetic_checker__rosidl_typesupport_introspection_cpp.hpp
[45.727s] -- Symlinking: /home/lab/ros2_ws/src/ros2_ws/install/interface_example/include/interface_example/interface_example/action/detail/fibonacci__rosidl_typesupport_introspection_cpp.hpp
[45.752s] -- Symlinking: /home/lab/ros2_ws/src/ros2_ws/install/interface_example/include/interface_example/interface_example/msg/detail/arithmetic_argument__rosidl_typesupport_introspection_cpp.hpp
[45.775s] -- Symlinking: /home/lab/ros2_ws/src/ros2_ws/install/interface_example/include/interface_example/interface_example/srv/detail/add_two_int__rosidl_typesupport_introspection_cpp.hpp
[45.795s] -- Symlinking: /home/lab/ros2_ws/src/ros2_ws/install/interface_example/include/interface_example/interface_example/srv/detail/arithmetic_operator__rosidl_typesupport_introspection_cpp.hpp
[45.817s] -- Symlinking: /home/lab/ros2_ws/src/ros2_ws/install/interface_example/share/interface_example/environment/pythonpath.sh
[45.837s] -- Symlinking: /home/lab/ros2_ws/src/ros2_ws/install/interface_example/share/interface_example/environment/pythonpath.dsv
[45.857s] -- Symlinking: /home/lab/ros2_ws/src/ros2_ws/install/interface_example/local/lib/python3.10/dist-packages/interface_example-0.0.0-py3.10.egg-info/PKG-INFO
[45.880s] -- Symlinking: /home/lab/ros2_ws/src/ros2_ws/install/interface_example/local/lib/python3.10/dist-packages/interface_example-0.0.0-py3.10.egg-info/SOURCES.txt
[45.897s] -- Symlinking: /home/lab/ros2_ws/src/ros2_ws/install/interface_example/local/lib/python3.10/dist-packages/interface_example-0.0.0-py3.10.egg-info/dependency_links.txt
[45.918s] -- Symlinking: /home/lab/ros2_ws/src/ros2_ws/install/interface_example/local/lib/python3.10/dist-packages/interface_example-0.0.0-py3.10.egg-info/top_level.txt
[45.949s] -- Symlinking: /home/lab/ros2_ws/src/ros2_ws/install/interface_example/local/lib/python3.10/dist-packages/interface_example/__init__.py
[45.965s] -- Symlinking: /home/lab/ros2_ws/src/ros2_ws/install/interface_example/local/lib/python3.10/dist-packages/interface_example/_interface_example_s.ep.rosidl_typesupport_c.c
[45.989s] -- Symlinking: /home/lab/ros2_ws/src/ros2_ws/install/interface_example/local/lib/python3.10/dist-packages/interface_example/_interface_example_s.ep.rosidl_typesupport_fastrtps_c.c
[46.011s] -- Symlinking: /home/lab/ros2_ws/src/ros2_ws/install/interface_example/local/lib/python3.10/dist-packages/interface_example/_interface_example_s.ep.rosidl_typesupport_introspection_c.c
[46.033s] -- Symlinking: /home/lab/ros2_ws/src/ros2_ws/install/interface_example/local/lib/python3.10/dist-packages/interface_example/action/__init__.py
[46.059s] -- Symlinking: /home/lab/ros2_ws/src/ros2_ws/install/interface_example/local/lib/python3.10/dist-packages/interface_example/action/_arithmetic_checker.py
[46.083s] -- Symlinking: /home/lab/ros2_ws/src/ros2_ws/install/interface_example/local/lib/python3.10/dist-packages/interface_example/action/_arithmetic_checker_s.c
[46.107s] -- Symlinking: /home/lab/ros2_ws/src/ros2_ws/install/interface_example/local/lib/python3.10/dist-packages/interface_example/action/_fibonacci.py
[46.129s] -- Symlinking: /home/lab/ros2_ws/src/ros2_ws/install/interface_example/local/lib/python3.10/dist-packages/interface_example/action/_fibonacci_s.c
[46.150s] -- Symlinking: /home/lab/ros2_ws/src/ros2_ws/install/interface_example/local/lib/python3.10/dist-packages/interface_example/interface_example_s__rosidl_typesupport_c.cpython-310-x86_64-linux-gnu.so
[46.175s] -- Symlinking: /home/lab/ros2_ws/src/ros2_ws/install/interface_example/local/lib/python3.10/dist-packages/interface_example/interface_example_s__rosidl_typesupport_fastrtps_c.cpython-310-x86_64-linux-gnu.so
[46.201s] -- Symlinking: /home/lab/ros2_ws/src/ros2_ws/install/interface_example/local/lib/python3.10/dist-packages/interface_example/interface_example_s__rosidl_typesupport_introspection_c.cpython-310-x86_64-linux-gnu.so
[46.223s] -- Symlinking: /home/lab/ros2_ws/src/ros2_ws/install/interface_example/local/lib/python3.10/dist-packages/interface_example/libinterface_example__rosidl_generator_py.so
[46.244s] -- Symlinking: /home/lab/ros2_ws/src/ros2_ws/install/interface_example/local/lib/python3.10/dist-packages/interface_example/msg/__init__.py
[46.270s] -- Symlinking: /home/lab/ros2_ws/src/ros2_ws/install/interface_example/local/lib/python3.10/dist-packages/interface_example/msg/_arithmetic_argument.py
[46.288s] -- Symlinking: /home/lab/ros2_ws/src/ros2_ws/install/interface_example/local/lib/python3.10/dist-packages/interface_example/msg/_arithmetic_argument_s.c
[46.312s] -- Symlinking: /home/lab/ros2_ws/src/ros2_ws/install/interface_example/local/lib/python3.10/dist-packages/interface_example/srv/__init__.py
[46.333s] -- Symlinking: /home/lab/ros2_ws/src/ros2_ws/install/interface_example/local/lib/python3.10/dist-packages/interface_example/srv/_add_two_int.py
[46.353s] -- Symlinking: /home/lab/ros2_ws/src/ros2_ws/install/interface_example/local/lib/python3.10/dist-packages/interface_example/srv/_add_two_int_s.c
[46.369s] -- Symlinking: /home/lab/ros2_ws/src/ros2_ws/install/interface_example/local/lib/python3.10/dist-packages/interface_example/srv/_arithmetic_operator.py
[46.387s] -- Symlinking: /home/lab/ros2_ws/src/ros2_ws/install/interface_example/local/lib/python3.10/dist-packages/interface_example/srv/_arithmetic_operator_s.c
[46.403s] -- Up-to-date symlink: /home/lab/ros2_ws/src/ros2_ws/install/interface_example/local/lib/python3.10/dist-packages/interface_example/interface_example_s__rosidl_typesupport_fastrtps_c.cpython-310-x86_64-linux-gnu.so
[46.404s] -- Up-to-date symlink: /home/lab/ros2_ws/src/ros2_ws/install/interface_example/local/lib/python3.10/dist-packages/interface_example/interface_example_s__rosidl_typesupport_introspection_c.cpython-310-x86_64-linux-gnu.so
[46.404s] -- Up-to-date symlink: /home/lab/ros2_ws/src/ros2_ws/install/interface_example/local/lib/python3.10/dist-packages/interface_example/interface_example_s__rosidl_typesupport_c.cpython-310-x86_64-linux-gnu.so
[46.405s] -- Symlinking: /home/lab/ros2_ws/src/ros2_ws/install/interface_example/share/interface_example/msg/ArithmeticArgument.idl
[46.424s] -- Symlinking: /home/lab/ros2_ws/src/ros2_ws/install/interface_example/share/interface_example/srv/AddTwoInt.idl
[46.443s] -- Symlinking: /home/lab/ros2_ws/src/ros2_ws/install/interface_example/share/interface_example/srv/ArithmeticOperator.idl
[46.458s] -- Symlinking: /home/lab/ros2_ws/src/ros2_ws/install/interface_example/share/interface_example/action/Fibonacci.idl
[46.480s] -- Symlinking: /home/lab/ros2_ws/src/ros2_ws/install/interface_example/share/interface_example/action/ArithmeticChecker.idl
[46.502s] -- Symlinking: /home/lab/ros2_ws/src/ros2_ws/install/interface_example/share/interface_example/msg/ArithmeticArgument.msg
[46.518s] -- Symlinking: /home/lab/ros2_ws/src/ros2_ws/install/interface_example/share/interface_example/srv/AddTwoInt.srv
[46.536s] -- Symlinking: /home/lab/ros2_ws/src/ros2_ws/install/interface_example/share/interface_example/srv/AddTwoInt_Request.msg
[46.553s] -- Symlinking: /home/lab/ros2_ws/src/ros2_ws/install/interface_example/share/interface_example/srv/AddTwoInt_Response.msg
[46.574s] -- Symlinking: /home/lab/ros2_ws/src/ros2_ws/install/interface_example/share/interface_example/srv/ArithmeticOperator.srv
[46.598s] -- Symlinking: /home/lab/ros2_ws/src/ros2_ws/install/interface_example/share/interface_example/srv/ArithmeticOperator_Request.msg
[46.614s] -- Symlinking: /home/lab/ros2_ws/src/ros2_ws/install/interface_example/share/interface_example/srv/ArithmeticOperator_Response.msg
[46.642s] -- Symlinking: /home/lab/ros2_ws/src/ros2_ws/install/interface_example/share/interface_example/action/Fibonacci.action
[46.668s] -- Symlinking: /home/lab/ros2_ws/src/ros2_ws/install/interface_example/share/interface_example/action/ArithmeticChecker.action
[46.697s] -- Symlinking: /home/lab/ros2_ws/src/ros2_ws/install/interface_example/share/ament_index/resource_index/package_run_dependencies/interface_example
[46.722s] -- Symlinking: /home/lab/ros2_ws/src/ros2_ws/install/interface_example/share/ament_index/resource_index/parent_prefix_path/interface_example
[46.744s] -- Symlinking: /home/lab/ros2_ws/src/ros2_ws/install/interface_example/share/interface_example/environment/ament_prefix_path.sh
[46.767s] -- Symlinking: /home/lab/ros2_ws/src/ros2_ws/install/interface_example/share/interface_example/environment/ament_prefix_path.dsv
[46.786s] -- Symlinking: /home/lab/ros2_ws/src/ros2_ws/install/interface_example/share/interface_example/environment/path.sh
[46.804s] -- Symlinking: /home/lab/ros2_ws/src/ros2_ws/install/interface_example/share/interface_example/environment/path.dsv
[46.826s] -- Symlinking: /home/lab/ros2_ws/src/ros2_ws/install/interface_example/share/interface_example/local_setup.bash
[46.851s] -- Symlinking: /home/lab/ros2_ws/src/ros2_ws/install/interface_example/share/interface_example/local_setup.sh
[46.871s] -- Symlinking: /home/lab/ros2_ws/src/ros2_ws/install/interface_example/share/interface_example/local_setup.zsh
[46.894s] -- Symlinking: /home/lab/ros2_ws/src/ros2_ws/install/interface_example/share/interface_example/local_setup.dsv
[46.914s] -- Symlinking: /home/lab/ros2_ws/src/ros2_ws/install/interface_example/share/interface_example/package.dsv
[46.937s] -- Symlinking: /home/lab/ros2_ws/src/ros2_ws/install/interface_example/share/ament_index/resource_index/packages/interface_example
[46.955s] -- Symlinking: /home/lab/ros2_ws/src/ros2_ws/install/interface_example/share/interface_example/cmake/rosidl_cmake-extras.cmake
[46.978s] -- Symlinking: /home/lab/ros2_ws/src/ros2_ws/install/interface_example/share/interface_example/cmake/ament_cmake_export_dependencies-extras.cmake
[46.997s] -- Symlinking: /home/lab/ros2_ws/src/ros2_ws/install/interface_example/share/interface_example/cmake/ament_cmake_export_include_directories-extras.cmake
[47.024s] -- Symlinking: /home/lab/ros2_ws/src/ros2_ws/install/interface_example/share/interface_example/cmake/ament_cmake_export_libraries-extras.cmake
[47.044s] -- Symlinking: /home/lab/ros2_ws/src/ros2_ws/install/interface_example/share/interface_example/cmake/ament_cmake_export_targets-extras.cmake
[47.067s] -- Symlinking: /home/lab/ros2_ws/src/ros2_ws/install/interface_example/share/interface_example/cmake/rosidl_cmake_export_typesupport_targets-extras.cmake
[47.089s] -- Symlinking: /home/lab/ros2_ws/src/ros2_ws/install/interface_example/share/interface_example/cmake/rosidl_cmake_export_typesupport_libraries-extras.cmake
[47.113s] -- Symlinking: /home/lab/ros2_ws/src/ros2_ws/install/interface_example/share/interface_example/cmake/interface_exampleConfig.cmake
[47.139s] -- Symlinking: /home/lab/ros2_ws/src/ros2_ws/install/interface_example/share/interface_example/cmake/interface_exampleConfig-version.cmake
[47.157s] -- Symlinking: /home/lab/ros2_ws/src/ros2_ws/install/interface_example/share/interface_example/package.xml
[47.185s] -- Installing: /home/lab/ros2_ws/src/ros2_ws/install/interface_example/lib/libinterface_example__rosidl_generator_c.so
[47.187s] -- Set runtime path of "/home/lab/ros2_ws/src/ros2_ws/install/interface_example/lib/libinterface_example__rosidl_generator_c.so" to ""
[47.188s] -- Installing: /home/lab/ros2_ws/src/ros2_ws/install/interface_example/lib/libinterface_example__rosidl_typesupport_fastrtps_c.so
[47.189s] -- Set runtime path of "/home/lab/ros2_ws/src/ros2_ws/install/interface_example/lib/libinterface_example__rosidl_typesupport_fastrtps_c.so" to ""
[47.189s] -- Installing: /home/lab/ros2_ws/src/ros2_ws/install/interface_example/lib/libinterface_example__rosidl_typesupport_introspection_c.so
[47.191s] -- Set runtime path of "/home/lab/ros2_ws/src/ros2_ws/install/interface_example/lib/libinterface_example__rosidl_typesupport_introspection_c.so" to ""
[47.191s] -- Installing: /home/lab/ros2_ws/src/ros2_ws/install/interface_example/lib/libinterface_example__rosidl_typesupport_c.so
[47.192s] -- Set runtime path of "/home/lab/ros2_ws/src/ros2_ws/install/interface_example/lib/libinterface_example__rosidl_typesupport_c.so" to ""
[47.192s] -- Installing: /home/lab/ros2_ws/src/ros2_ws/install/interface_example/lib/libinterface_example__rosidl_typesupport_fastrtps_cpp.so
[47.193s] -- Set runtime path of "/home/lab/ros2_ws/src/ros2_ws/install/interface_example/lib/libinterface_example__rosidl_typesupport_fastrtps_cpp.so" to ""
[47.193s] -- Installing: /home/lab/ros2_ws/src/ros2_ws/install/interface_example/lib/libinterface_example__rosidl_typesupport_introspection_cpp.so
[47.194s] -- Set runtime path of "/home/lab/ros2_ws/src/ros2_ws/install/interface_example/lib/libinterface_example__rosidl_typesupport_introspection_cpp.so" to ""
[47.194s] -- Installing: /home/lab/ros2_ws/src/ros2_ws/install/interface_example/lib/libinterface_example__rosidl_typesupport_cpp.so
[47.196s] -- Set runtime path of "/home/lab/ros2_ws/src/ros2_ws/install/interface_example/lib/libinterface_example__rosidl_typesupport_cpp.so" to ""
[47.300s] Listing '/home/lab/ros2_ws/src/ros2_ws/install/interface_example/local/lib/python3.10/dist-packages/interface_example'...
[47.300s] Compiling '/home/lab/ros2_ws/src/ros2_ws/install/interface_example/local/lib/python3.10/dist-packages/interface_example/__init__.py'...
[47.300s] Listing '/home/lab/ros2_ws/src/ros2_ws/install/interface_example/local/lib/python3.10/dist-packages/interface_example/action'...
[47.300s] Compiling '/home/lab/ros2_ws/src/ros2_ws/install/interface_example/local/lib/python3.10/dist-packages/interface_example/action/__init__.py'...
[47.300s] Compiling '/home/lab/ros2_ws/src/ros2_ws/install/interface_example/local/lib/python3.10/dist-packages/interface_example/action/_arithmetic_checker.py'...
[47.300s] Compiling '/home/lab/ros2_ws/src/ros2_ws/install/interface_example/local/lib/python3.10/dist-packages/interface_example/action/_fibonacci.py'...
[47.300s] Listing '/home/lab/ros2_ws/src/ros2_ws/install/interface_example/local/lib/python3.10/dist-packages/interface_example/msg'...
[47.300s] Compiling '/home/lab/ros2_ws/src/ros2_ws/install/interface_example/local/lib/python3.10/dist-packages/interface_example/msg/__init__.py'...
[47.300s] Compiling '/home/lab/ros2_ws/src/ros2_ws/install/interface_example/local/lib/python3.10/dist-packages/interface_example/msg/_arithmetic_argument.py'...
[47.300s] Listing '/home/lab/ros2_ws/src/ros2_ws/install/interface_example/local/lib/python3.10/dist-packages/interface_example/srv'...
[47.300s] Compiling '/home/lab/ros2_ws/src/ros2_ws/install/interface_example/local/lib/python3.10/dist-packages/interface_example/srv/__init__.py'...
[47.300s] Compiling '/home/lab/ros2_ws/src/ros2_ws/install/interface_example/local/lib/python3.10/dist-packages/interface_example/srv/_add_two_int.py'...
[47.300s] Compiling '/home/lab/ros2_ws/src/ros2_ws/install/interface_example/local/lib/python3.10/dist-packages/interface_example/srv/_arithmetic_operator.py'...
[47.304s] -- Installing: /home/lab/ros2_ws/src/ros2_ws/install/interface_example/lib/libinterface_example__rosidl_generator_py.so
[47.304s] -- Set runtime path of "/home/lab/ros2_ws/src/ros2_ws/install/interface_example/lib/libinterface_example__rosidl_generator_py.so" to ""
[47.304s] -- Installing: /home/lab/ros2_ws/src/ros2_ws/install/interface_example/share/interface_example/cmake/export_interface_example__rosidl_generator_cExport.cmake
[47.304s] -- Installing: /home/lab/ros2_ws/src/ros2_ws/install/interface_example/share/interface_example/cmake/export_interface_example__rosidl_generator_cExport-noconfig.cmake
[47.304s] -- Installing: /home/lab/ros2_ws/src/ros2_ws/install/interface_example/share/interface_example/cmake/export_interface_example__rosidl_typesupport_fastrtps_cExport.cmake
[47.304s] -- Installing: /home/lab/ros2_ws/src/ros2_ws/install/interface_example/share/interface_example/cmake/export_interface_example__rosidl_typesupport_fastrtps_cExport-noconfig.cmake
[47.304s] -- Installing: /home/lab/ros2_ws/src/ros2_ws/install/interface_example/share/interface_example/cmake/interface_example__rosidl_typesupport_introspection_cExport.cmake
[47.305s] -- Installing: /home/lab/ros2_ws/src/ros2_ws/install/interface_example/share/interface_example/cmake/interface_example__rosidl_typesupport_introspection_cExport-noconfig.cmake
[47.305s] -- Installing: /home/lab/ros2_ws/src/ros2_ws/install/interface_example/share/interface_example/cmake/interface_example__rosidl_typesupport_cExport.cmake
[47.305s] -- Installing: /home/lab/ros2_ws/src/ros2_ws/install/interface_example/share/interface_example/cmake/interface_example__rosidl_typesupport_cExport-noconfig.cmake
[47.305s] -- Installing: /home/lab/ros2_ws/src/ros2_ws/install/interface_example/share/interface_example/cmake/export_interface_example__rosidl_generator_cppExport.cmake
[47.305s] -- Installing: /home/lab/ros2_ws/src/ros2_ws/install/interface_example/share/interface_example/cmake/export_interface_example__rosidl_typesupport_fastrtps_cppExport.cmake
[47.305s] -- Installing: /home/lab/ros2_ws/src/ros2_ws/install/interface_example/share/interface_example/cmake/export_interface_example__rosidl_typesupport_fastrtps_cppExport-noconfig.cmake
[47.306s] -- Installing: /home/lab/ros2_ws/src/ros2_ws/install/interface_example/share/interface_example/cmake/interface_example__rosidl_typesupport_introspection_cppExport.cmake
[47.306s] -- Installing: /home/lab/ros2_ws/src/ros2_ws/install/interface_example/share/interface_example/cmake/interface_example__rosidl_typesupport_introspection_cppExport-noconfig.cmake
[47.306s] -- Installing: /home/lab/ros2_ws/src/ros2_ws/install/interface_example/share/interface_example/cmake/interface_example__rosidl_typesupport_cppExport.cmake
[47.306s] -- Installing: /home/lab/ros2_ws/src/ros2_ws/install/interface_example/share/interface_example/cmake/interface_example__rosidl_typesupport_cppExport-noconfig.cmake
[47.306s] -- Installing: /home/lab/ros2_ws/src/ros2_ws/install/interface_example/share/interface_example/cmake/export_interface_example__rosidl_generator_pyExport.cmake
[47.306s] -- Installing: /home/lab/ros2_ws/src/ros2_ws/install/interface_example/share/interface_example/cmake/export_interface_example__rosidl_generator_pyExport-noconfig.cmake
[47.312s] Invoked command in '/home/lab/ros2_ws/src/ros2_ws/build/interface_example' returned '0': CMAKE_PREFIX_PATH=${CMAKE_PREFIX_PATH}:/opt/ros/humble /usr/bin/cmake --install /home/lab/ros2_ws/src/ros2_ws/build/interface_example
