[0.007s] Invoking command in '/home/lab/ros2_ws/src/ros2_ws/build/simple_pkg_cpp': CMAKE_PREFIX_PATH=${CMAKE_PREFIX_PATH}:/opt/ros/humble /usr/bin/cmake /home/lab/ros2_ws/src/ros2_ws/simple_pkg_cpp -DAMENT_CMAKE_SYMLINK_INSTALL=1 -DCMAKE_INSTALL_PREFIX=/home/lab/ros2_ws/src/ros2_ws/install/simple_pkg_cpp
[0.055s] -- The C compiler identification is GNU 11.4.0
[0.093s] -- The CXX compiler identification is GNU 11.4.0
[0.098s] -- Detecting C compiler ABI info
[0.164s] -- Detecting C compiler ABI info - done
[0.169s] -- Check for working C compiler: /usr/bin/cc - skipped
[0.169s] -- Detecting C compile features
[0.169s] -- Detecting C compile features - done
[0.172s] -- Detecting CXX compiler ABI info
[0.235s] -- Detecting CXX compiler ABI info - done
[0.242s] -- Check for working CXX compiler: /usr/bin/c++ - skipped
[0.242s] -- Detecting CXX compile features
[0.243s] -- Detecting CXX compile features - done
[0.245s] -- Found ament_cmake: 1.3.9 (/opt/ros/humble/share/ament_cmake/cmake)
[0.346s] -- Found Python3: /usr/bin/python3 (found version "3.10.12") found components: Interpreter 
[0.405s] -- Override CMake install command with custom implementation using symlinks instead of copying resources
[0.437s] [31mCMake Error at CMakeLists.txt:10 (find_package):
[0.437s]   By not providing "FindopenCV.cmake" in CMAKE_MODULE_PATH this project has
[0.437s]   asked CMake to find a package configuration file provided by "openCV", but
[0.437s]   CMake did not find one.
[0.437s] 
[0.437s]   Could not find a package configuration file provided by "openCV" with any
[0.437s]   of the following names:
[0.437s] 
[0.437s]     openCVConfig.cmake
[0.438s]     opencv-config.cmake
[0.438s] 
[0.438s]   Add the installation prefix of "openCV" to CMAKE_PREFIX_PATH or set
[0.438s]   "openCV_DIR" to a directory containing one of the above files.  If "openCV"
[0.438s]   provides a separate development package or SDK, be sure it has been
[0.438s]   installed.
[0.438s] 
[0.438s] -- Configuring incomplete, errors occurred!
[0.438s] See also "/home/lab/ros2_ws/src/ros2_ws/build/simple_pkg_cpp/CMakeFiles/CMakeOutput.log".
[0.438s] [0m
[0.452s] Invoked command in '/home/lab/ros2_ws/src/ros2_ws/build/simple_pkg_cpp' returned '1': CMAKE_PREFIX_PATH=${CMAKE_PREFIX_PATH}:/opt/ros/humble /usr/bin/cmake /home/lab/ros2_ws/src/ros2_ws/simple_pkg_cpp -DAMENT_CMAKE_SYMLINK_INSTALL=1 -DCMAKE_INSTALL_PREFIX=/home/lab/ros2_ws/src/ros2_ws/install/simple_pkg_cpp
