[0.008s] Invoking command in '/home/lab/ros2_ws/build/simple_pkg_cpp': CMAKE_PREFIX_PATH=/opt/ros/humble /usr/bin/cmake /home/lab/ros2_ws/src/simple_pkg_cpp -DAMENT_CMAKE_SYMLINK_INSTALL=1 -DCMAKE_INSTALL_PREFIX=/home/lab/ros2_ws/install/simple_pkg_cpp
[0.022s] -- Found ament_cmake: 1.3.9 (/opt/ros/humble/share/ament_cmake/cmake)
[0.107s] -- Override CMake install command with custom implementation using symlinks instead of copying resources
[0.115s] -- Found rclcpp: 16.0.9 (/opt/ros/humble/share/rclcpp/cmake)
[0.142s] -- Found rosidl_generator_c: 3.1.5 (/opt/ros/humble/share/rosidl_generator_c/cmake)
[0.145s] -- Found rosidl_adapter: 3.1.5 (/opt/ros/humble/share/rosidl_adapter/cmake)
[0.152s] -- Found rosidl_generator_cpp: 3.1.5 (/opt/ros/humble/share/rosidl_generator_cpp/cmake)
[0.165s] -- Using all available rosidl_typesupport_c: rosidl_typesupport_fastrtps_c;rosidl_typesupport_introspection_c
[0.182s] -- Using all available rosidl_typesupport_cpp: rosidl_typesupport_fastrtps_cpp;rosidl_typesupport_introspection_cpp
[0.221s] -- Found rmw_implementation_cmake: 6.1.2 (/opt/ros/humble/share/rmw_implementation_cmake/cmake)
[0.223s] -- Found rmw_fastrtps_cpp: 6.2.6 (/opt/ros/humble/share/rmw_fastrtps_cpp/cmake)
[0.313s] -- Using RMW implementation 'rmw_fastrtps_cpp' as default
[0.447s] -- Found ament_lint_auto: 0.12.11 (/opt/ros/humble/share/ament_lint_auto/cmake)
[0.497s] -- Added test 'cppcheck' to perform static code analysis on C / C++ code
[0.497s] -- Configured cppcheck include dirs: 
[0.497s] -- Configured cppcheck exclude dirs and/or files: 
[0.498s] -- Added test 'lint_cmake' to check CMake code style
[0.499s] -- Added test 'uncrustify' to check C / C++ code style
[0.499s] -- Configured uncrustify additional arguments: 
[0.500s] -- Added test 'xmllint' to check XML markup files
[0.502s] -- Configuring done
[0.504s] [33mCMake Warning (dev) at CMakeLists.txt:14 (add_executable):
[0.505s]   Policy CMP0115 is not set: Source file extensions must be explicit.  Run
[0.505s]   "cmake --help-policy CMP0115" for policy details.  Use the cmake_policy
[0.505s]   command to set the policy and suppress this warning.
[0.505s] 
[0.506s]   File:
[0.506s] 
[0.506s]     /home/lab/ros2_ws/src/simple_pkg_cpp/src/helloworld.cpp
[0.506s] This warning is for project developers.  Use -Wno-dev to suppress it.
[0.511s] [0m
[0.511s] -- Generating done
[0.511s] -- Build files have been written to: /home/lab/ros2_ws/build/simple_pkg_cpp
[0.517s] Invoked command in '/home/lab/ros2_ws/build/simple_pkg_cpp' returned '0': CMAKE_PREFIX_PATH=/opt/ros/humble /usr/bin/cmake /home/lab/ros2_ws/src/simple_pkg_cpp -DAMENT_CMAKE_SYMLINK_INSTALL=1 -DCMAKE_INSTALL_PREFIX=/home/lab/ros2_ws/install/simple_pkg_cpp
[0.520s] Invoking command in '/home/lab/ros2_ws/build/simple_pkg_cpp': CMAKE_PREFIX_PATH=/opt/ros/humble /usr/bin/cmake --build /home/lab/ros2_ws/build/simple_pkg_cpp -- -j2 -l2
[0.561s] [ 50%] [32mBuilding CXX object CMakeFiles/helloworld.dir/src/helloworld.cpp.o[0m
[0.763s] [100%] [32m[1mLinking CXX executable helloworld[0m
[0.834s] [100%] Built target helloworld
[0.850s] Invoked command in '/home/lab/ros2_ws/build/simple_pkg_cpp' returned '0': CMAKE_PREFIX_PATH=/opt/ros/humble /usr/bin/cmake --build /home/lab/ros2_ws/build/simple_pkg_cpp -- -j2 -l2
[0.877s] Invoking command in '/home/lab/ros2_ws/build/simple_pkg_cpp': CMAKE_PREFIX_PATH=/opt/ros/humble /usr/bin/cmake --install /home/lab/ros2_ws/build/simple_pkg_cpp
[0.882s] -- Install configuration: ""
[0.883s] -- Execute custom install script
[0.884s] -- Symlinking: /home/lab/ros2_ws/install/simple_pkg_cpp/lib/simple_pkg_cpp/helloworld
[0.890s] -- Symlinking: /home/lab/ros2_ws/install/simple_pkg_cpp/share/ament_index/resource_index/package_run_dependencies/simple_pkg_cpp
[0.901s] -- Symlinking: /home/lab/ros2_ws/install/simple_pkg_cpp/share/ament_index/resource_index/parent_prefix_path/simple_pkg_cpp
[0.908s] -- Symlinking: /home/lab/ros2_ws/install/simple_pkg_cpp/share/simple_pkg_cpp/environment/ament_prefix_path.sh
[0.915s] -- Symlinking: /home/lab/ros2_ws/install/simple_pkg_cpp/share/simple_pkg_cpp/environment/ament_prefix_path.dsv
[0.922s] -- Symlinking: /home/lab/ros2_ws/install/simple_pkg_cpp/share/simple_pkg_cpp/environment/path.sh
[0.930s] -- Symlinking: /home/lab/ros2_ws/install/simple_pkg_cpp/share/simple_pkg_cpp/environment/path.dsv
[0.939s] -- Symlinking: /home/lab/ros2_ws/install/simple_pkg_cpp/share/simple_pkg_cpp/local_setup.bash
[0.947s] -- Symlinking: /home/lab/ros2_ws/install/simple_pkg_cpp/share/simple_pkg_cpp/local_setup.sh
[0.956s] -- Symlinking: /home/lab/ros2_ws/install/simple_pkg_cpp/share/simple_pkg_cpp/local_setup.zsh
[0.963s] -- Symlinking: /home/lab/ros2_ws/install/simple_pkg_cpp/share/simple_pkg_cpp/local_setup.dsv
[0.969s] -- Symlinking: /home/lab/ros2_ws/install/simple_pkg_cpp/share/simple_pkg_cpp/package.dsv
[0.975s] -- Symlinking: /home/lab/ros2_ws/install/simple_pkg_cpp/share/ament_index/resource_index/packages/simple_pkg_cpp
[0.982s] -- Symlinking: /home/lab/ros2_ws/install/simple_pkg_cpp/share/simple_pkg_cpp/cmake/simple_pkg_cppConfig.cmake
[0.988s] -- Symlinking: /home/lab/ros2_ws/install/simple_pkg_cpp/share/simple_pkg_cpp/cmake/simple_pkg_cppConfig-version.cmake
[0.995s] -- Symlinking: /home/lab/ros2_ws/install/simple_pkg_cpp/share/simple_pkg_cpp/package.xml
[1.005s] Invoked command in '/home/lab/ros2_ws/build/simple_pkg_cpp' returned '0': CMAKE_PREFIX_PATH=/opt/ros/humble /usr/bin/cmake --install /home/lab/ros2_ws/build/simple_pkg_cpp
