[35m[1mConsolidate compiler generated dependencies of target helloworld[0m
[ 15%] Built target helloworld
[35m[1mConsolidate compiler generated dependencies of target helloOpenCV[0m
[ 30%] Built target helloOpenCV
[35m[1mConsolidate compiler generated dependencies of target hello_publisher[0m
[ 46%] Built target hello_publisher
[35m[1mConsolidate compiler generated dependencies of target hello_publisher2[0m
[ 61%] Built target hello_publisher2
[35m[1mConsolidate compiler generated dependencies of target hello_publisher_class[0m
[ 76%] Built target hello_publisher_class
[35m[1mConsolidate compiler generated dependencies of target hello_publisher_class2[0m
[ 84%] [32mBuilding CXX object CMakeFiles/hello_publisher_class2.dir/src/publisher.cpp.o[0m
[ 92%] [32m[1mLinking CXX executable hello_publisher_class2[0m
[100%] Built target hello_publisher_class2
-- Install configuration: ""
-- Execute custom install script
-- Symlinking: /home/lab/ros2_ws/src/ros2_ws/install/simple_pkg_cpp/lib/simple_pkg_cpp/helloworld
-- Symlinking: /home/lab/ros2_ws/src/ros2_ws/install/simple_pkg_cpp/lib/simple_pkg_cpp/helloOpenCV
-- Symlinking: /home/lab/ros2_ws/src/ros2_ws/install/simple_pkg_cpp/lib/simple_pkg_cpp/hello_publisher
-- Symlinking: /home/lab/ros2_ws/src/ros2_ws/install/simple_pkg_cpp/lib/simple_pkg_cpp/hello_publisher2
-- Symlinking: /home/lab/ros2_ws/src/ros2_ws/install/simple_pkg_cpp/lib/simple_pkg_cpp/hello_publisher_class
-- Symlinking: /home/lab/ros2_ws/src/ros2_ws/install/simple_pkg_cpp/lib/simple_pkg_cpp/hello_publisher_class2
-- Symlinking: /home/lab/ros2_ws/src/ros2_ws/install/simple_pkg_cpp/share/ament_index/resource_index/package_run_dependencies/simple_pkg_cpp
-- Symlinking: /home/lab/ros2_ws/src/ros2_ws/install/simple_pkg_cpp/share/ament_index/resource_index/parent_prefix_path/simple_pkg_cpp
-- Symlinking: /home/lab/ros2_ws/src/ros2_ws/install/simple_pkg_cpp/share/simple_pkg_cpp/environment/ament_prefix_path.sh
-- Symlinking: /home/lab/ros2_ws/src/ros2_ws/install/simple_pkg_cpp/share/simple_pkg_cpp/environment/ament_prefix_path.dsv
-- Symlinking: /home/lab/ros2_ws/src/ros2_ws/install/simple_pkg_cpp/share/simple_pkg_cpp/environment/path.sh
-- Symlinking: /home/lab/ros2_ws/src/ros2_ws/install/simple_pkg_cpp/share/simple_pkg_cpp/environment/path.dsv
-- Symlinking: /home/lab/ros2_ws/src/ros2_ws/install/simple_pkg_cpp/share/simple_pkg_cpp/local_setup.bash
-- Symlinking: /home/lab/ros2_ws/src/ros2_ws/install/simple_pkg_cpp/share/simple_pkg_cpp/local_setup.sh
-- Symlinking: /home/lab/ros2_ws/src/ros2_ws/install/simple_pkg_cpp/share/simple_pkg_cpp/local_setup.zsh
-- Symlinking: /home/lab/ros2_ws/src/ros2_ws/install/simple_pkg_cpp/share/simple_pkg_cpp/local_setup.dsv
-- Symlinking: /home/lab/ros2_ws/src/ros2_ws/install/simple_pkg_cpp/share/simple_pkg_cpp/package.dsv
-- Symlinking: /home/lab/ros2_ws/src/ros2_ws/install/simple_pkg_cpp/share/ament_index/resource_index/packages/simple_pkg_cpp
-- Symlinking: /home/lab/ros2_ws/src/ros2_ws/install/simple_pkg_cpp/share/simple_pkg_cpp/cmake/simple_pkg_cppConfig.cmake
-- Symlinking: /home/lab/ros2_ws/src/ros2_ws/install/simple_pkg_cpp/share/simple_pkg_cpp/cmake/simple_pkg_cppConfig-version.cmake
-- Symlinking: /home/lab/ros2_ws/src/ros2_ws/install/simple_pkg_cpp/share/simple_pkg_cpp/package.xml
